{"/home/travis/build/npmtest/node-npmtest-oauth20-provider/test.js":{"path":"/home/travis/build/npmtest/node-npmtest-oauth20-provider/test.js","s":{"1":2,"2":2,"3":2,"4":2,"5":2,"6":2,"7":2,"8":1,"9":2,"10":2,"11":1,"12":1,"13":1,"14":1,"15":2,"16":2,"17":2,"18":2,"19":1,"20":1,"21":2,"22":2,"23":2,"24":1,"25":1,"26":1,"27":1,"28":1,"29":1,"30":1,"31":1,"32":1,"33":1,"34":1,"35":1,"36":1,"37":1,"38":1,"39":2,"40":2,"41":1,"42":2,"43":2,"44":1,"45":2,"46":2,"47":1,"48":2,"49":2,"50":1,"51":1,"52":1,"53":1,"54":1},"b":{"1":[2,1,1,1],"2":[1,1,1,1],"3":[1,1],"4":[1,1],"5":[1,1],"6":[1,1],"7":[1,1],"8":[1,1],"9":[1,1],"10":[1,1,1],"11":[1,1],"12":[1,1],"13":[1,1],"14":[1,1],"15":[1,1],"16":[1,1],"17":[1,1]},"f":{"1":2,"2":2,"3":2,"4":2,"5":2,"6":1,"7":1,"8":1,"9":2,"10":2,"11":2,"12":2,"13":1},"fnMap":{"1":{"name":"(anonymous_1)","line":12,"loc":{"start":{"line":12,"column":1},"end":{"line":12,"column":13}}},"2":{"name":"(anonymous_2)","line":19,"loc":{"start":{"line":19,"column":5},"end":{"line":19,"column":17}}},"3":{"name":"(anonymous_3)","line":23,"loc":{"start":{"line":23,"column":24},"end":{"line":23,"column":36}}},"4":{"name":"(anonymous_4)","line":61,"loc":{"start":{"line":61,"column":5},"end":{"line":61,"column":17}}},"5":{"name":"(anonymous_5)","line":82,"loc":{"start":{"line":82,"column":5},"end":{"line":82,"column":17}}},"6":{"name":"(anonymous_6)","line":91,"loc":{"start":{"line":91,"column":77},"end":{"line":94,"column":10}}},"7":{"name":"(anonymous_7)","line":112,"loc":{"start":{"line":112,"column":83},"end":{"line":115,"column":10}},"skip":true},"8":{"name":"(anonymous_8)","line":123,"loc":{"start":{"line":123,"column":77},"end":{"line":126,"column":10}},"skip":true},"9":{"name":"(anonymous_9)","line":139,"loc":{"start":{"line":139,"column":12},"end":{"line":139,"column":40}},"skip":true},"10":{"name":"(anonymous_10)","line":147,"loc":{"start":{"line":147,"column":77},"end":{"line":150,"column":10}},"skip":true},"11":{"name":"(anonymous_11)","line":158,"loc":{"start":{"line":158,"column":83},"end":{"line":161,"column":10}},"skip":true},"12":{"name":"(anonymous_12)","line":169,"loc":{"start":{"line":169,"column":79},"end":{"line":172,"column":10}},"skip":true},"13":{"name":"(anonymous_13)","line":180,"loc":{"start":{"line":180,"column":75},"end":{"line":183,"column":10}},"skip":true}},"statementMap":{"1":{"start":{"line":12,"column":0},"end":{"line":195,"column":5}},"2":{"start":{"line":14,"column":4},"end":{"line":14,"column":14}},"3":{"start":{"line":19,"column":4},"end":{"line":56,"column":9}},"4":{"start":{"line":21,"column":8},"end":{"line":21,"column":19}},"5":{"start":{"line":23,"column":8},"end":{"line":35,"column":13}},"6":{"start":{"line":24,"column":12},"end":{"line":34,"column":13}},"7":{"start":{"line":25,"column":16},"end":{"line":28,"column":30}},"8":{"start":{"line":30,"column":16},"end":{"line":33,"column":27}},"9":{"start":{"line":37,"column":8},"end":{"line":39,"column":21}},"10":{"start":{"line":40,"column":8},"end":{"line":53,"column":9}},"11":{"start":{"line":43,"column":12},"end":{"line":46,"column":14}},"12":{"start":{"line":47,"column":12},"end":{"line":47,"column":18}},"13":{"start":{"line":50,"column":12},"end":{"line":51,"column":33}},"14":{"start":{"line":52,"column":12},"end":{"line":52,"column":18}},"15":{"start":{"line":55,"column":8},"end":{"line":55,"column":35}},"16":{"start":{"line":61,"column":4},"end":{"line":63,"column":9}},"17":{"start":{"line":62,"column":8},"end":{"line":62,"column":15}},"18":{"start":{"line":64,"column":4},"end":{"line":77,"column":5}},"19":{"start":{"line":70,"column":8},"end":{"line":70,"column":14}},"20":{"start":{"line":76,"column":8},"end":{"line":76,"column":14}},"21":{"start":{"line":82,"column":4},"end":{"line":84,"column":9}},"22":{"start":{"line":83,"column":8},"end":{"line":83,"column":15}},"23":{"start":{"line":85,"column":4},"end":{"line":194,"column":5}},"24":{"start":{"line":91,"column":8},"end":{"line":99,"column":10}},"25":{"start":{"line":98,"column":12},"end":{"line":98,"column":35}},"26":{"start":{"line":102,"column":8},"end":{"line":104,"column":63}},"27":{"start":{"line":105,"column":8},"end":{"line":105,"column":14}},"28":{"start":{"line":112,"column":8},"end":{"line":121,"column":10},"skip":true},"29":{"start":{"line":119,"column":12},"end":{"line":119,"column":55},"skip":true},"30":{"start":{"line":120,"column":12},"end":{"line":120,"column":48},"skip":true},"31":{"start":{"line":123,"column":8},"end":{"line":136,"column":10},"skip":true},"32":{"start":{"line":130,"column":12},"end":{"line":130,"column":76},"skip":true},"33":{"start":{"line":131,"column":12},"end":{"line":131,"column":73},"skip":true},"34":{"start":{"line":132,"column":12},"end":{"line":132,"column":74},"skip":true},"35":{"start":{"line":133,"column":12},"end":{"line":133,"column":79},"skip":true},"36":{"start":{"line":134,"column":12},"end":{"line":134,"column":25},"skip":true},"37":{"start":{"line":135,"column":12},"end":{"line":135,"column":45},"skip":true},"38":{"start":{"line":138,"column":8},"end":{"line":145,"column":14},"skip":true},"39":{"start":{"line":143,"column":16},"end":{"line":143,"column":29},"skip":true},"40":{"start":{"line":144,"column":16},"end":{"line":144,"column":55},"skip":true},"41":{"start":{"line":147,"column":8},"end":{"line":156,"column":10},"skip":true},"42":{"start":{"line":154,"column":12},"end":{"line":154,"column":25},"skip":true},"43":{"start":{"line":155,"column":12},"end":{"line":155,"column":45},"skip":true},"44":{"start":{"line":158,"column":8},"end":{"line":167,"column":10},"skip":true},"45":{"start":{"line":165,"column":12},"end":{"line":165,"column":25},"skip":true},"46":{"start":{"line":166,"column":12},"end":{"line":166,"column":48},"skip":true},"47":{"start":{"line":169,"column":8},"end":{"line":178,"column":10},"skip":true},"48":{"start":{"line":176,"column":12},"end":{"line":176,"column":25},"skip":true},"49":{"start":{"line":177,"column":12},"end":{"line":177,"column":46},"skip":true},"50":{"start":{"line":180,"column":8},"end":{"line":189,"column":10},"skip":true},"51":{"start":{"line":187,"column":12},"end":{"line":187,"column":94},"skip":true},"52":{"start":{"line":188,"column":12},"end":{"line":188,"column":48},"skip":true},"53":{"start":{"line":192,"column":8},"end":{"line":192,"column":35},"skip":true},"54":{"start":{"line":193,"column":8},"end":{"line":193,"column":14},"skip":true}},"branchMap":{"1":{"line":25,"type":"binary-expr","locations":[{"start":{"line":25,"column":23},"end":{"line":25,"column":62}},{"start":{"line":26,"column":20},"end":{"line":26,"column":70}},{"start":{"line":27,"column":20},"end":{"line":27,"column":71}},{"start":{"line":28,"column":20},"end":{"line":28,"column":29}}]},"2":{"line":30,"type":"binary-expr","locations":[{"start":{"line":30,"column":23},"end":{"line":30,"column":37}},{"start":{"line":31,"column":20},"end":{"line":31,"column":61}},{"start":{"line":32,"column":20},"end":{"line":32,"column":70}},{"start":{"line":33,"column":20},"end":{"line":33,"column":26}}]},"3":{"line":37,"type":"cond-expr","locations":[{"start":{"line":38,"column":14},"end":{"line":38,"column":20}},{"start":{"line":39,"column":14},"end":{"line":39,"column":20}}]},"4":{"line":40,"type":"switch","locations":[{"start":{"line":42,"column":8},"end":{"line":47,"column":18}},{"start":{"line":49,"column":8},"end":{"line":52,"column":18}}]},"5":{"line":44,"type":"binary-expr","locations":[{"start":{"line":44,"column":16},"end":{"line":44,"column":44}},{"start":{"line":44,"column":48},"end":{"line":44,"column":66}}]},"6":{"line":50,"type":"binary-expr","locations":[{"start":{"line":50,"column":21},"end":{"line":50,"column":49}},{"start":{"line":50,"column":53},"end":{"line":50,"column":72}}]},"7":{"line":64,"type":"switch","locations":[{"start":{"line":69,"column":4},"end":{"line":70,"column":14}},{"start":{"line":75,"column":4},"end":{"line":76,"column":14}}]},"8":{"line":85,"type":"switch","locations":[{"start":{"line":90,"column":4},"end":{"line":105,"column":14}},{"start":{"line":111,"column":4},"end":{"line":193,"column":14},"skip":true}]},"9":{"line":91,"type":"binary-expr","locations":[{"start":{"line":91,"column":42},"end":{"line":91,"column":73}},{"start":{"line":91,"column":77},"end":{"line":99,"column":9}}]},"10":{"line":102,"type":"binary-expr","locations":[{"start":{"line":102,"column":18},"end":{"line":102,"column":32}},{"start":{"line":103,"column":12},"end":{"line":103,"column":53}},{"start":{"line":104,"column":12},"end":{"line":104,"column":61}}]},"11":{"line":112,"type":"binary-expr","locations":[{"start":{"line":112,"column":45},"end":{"line":112,"column":79},"skip":true},{"start":{"line":112,"column":83},"end":{"line":121,"column":9},"skip":true}]},"12":{"line":123,"type":"binary-expr","locations":[{"start":{"line":123,"column":42},"end":{"line":123,"column":73},"skip":true},{"start":{"line":123,"column":77},"end":{"line":136,"column":9},"skip":true}]},"13":{"line":138,"type":"binary-expr","locations":[{"start":{"line":138,"column":48},"end":{"line":138,"column":85},"skip":true},{"start":{"line":139,"column":12},"end":{"line":145,"column":13},"skip":true}]},"14":{"line":147,"type":"binary-expr","locations":[{"start":{"line":147,"column":42},"end":{"line":147,"column":73},"skip":true},{"start":{"line":147,"column":77},"end":{"line":156,"column":9},"skip":true}]},"15":{"line":158,"type":"binary-expr","locations":[{"start":{"line":158,"column":45},"end":{"line":158,"column":79},"skip":true},{"start":{"line":158,"column":83},"end":{"line":167,"column":9},"skip":true}]},"16":{"line":169,"type":"binary-expr","locations":[{"start":{"line":169,"column":43},"end":{"line":169,"column":75},"skip":true},{"start":{"line":169,"column":79},"end":{"line":178,"column":9},"skip":true}]},"17":{"line":180,"type":"binary-expr","locations":[{"start":{"line":180,"column":41},"end":{"line":180,"column":71},"skip":true},{"start":{"line":180,"column":75},"end":{"line":189,"column":9},"skip":true}]}},"code":["/* istanbul instrument in package npmtest_oauth20_provider */","/*jslint","    bitwise: true,","    browser: true,","    maxerr: 8,","    maxlen: 96,","    node: true,","    nomen: true,","    regexp: true,","    stupid: true","*/","(function () {","    'use strict';","    var local;","","","","    // run shared js-env code - init-before","    (function () {","        // init local","        local = {};","        // init modeJs","        local.modeJs = (function () {","            try {","                return typeof navigator.userAgent === 'string' &&","                    typeof document.querySelector('body') === 'object' &&","                    typeof XMLHttpRequest.prototype.open === 'function' &&","                    'browser';","            } catch (errorCaughtBrowser) {","                return module.exports &&","                    typeof process.versions.node === 'string' &&","                    typeof require('http').createServer === 'function' &&","                    'node';","            }","        }());","        // init global","        local.global = local.modeJs === 'browser'","            ? window","            : global;","        switch (local.modeJs) {","        // re-init local from window.local","        case 'browser':","            local = local.global.utility2.objectSetDefault(","                local.global.utility2_rollup || local.global.local,","                local.global.utility2","            );","            break;","        // re-init local from example.js","        case 'node':","            local = (local.global.utility2_rollup || require('utility2'))","                .requireReadme();","            break;","        }","        // export local","        local.global.local = local;","    }());","","","","    // run shared js-env code - function","    (function () {","        return;","    }());","    switch (local.modeJs) {","","","","    // run browser js-env code - function","    case 'browser':","        break;","","","","    // run node js-env code - function","    case 'node':","        break;","    }","","","","    // run shared js-env code - init-after","    (function () {","        return;","    }());","    switch (local.modeJs) {","","","","    // run browser js-env code - init-after","    case 'browser':","        local.testCase_browser_nullCase = local.testCase_browser_nullCase || function (","            options,","            onError","        ) {","        /*","         * this function will test browsers's null-case handling-behavior-behavior","         */","            onError(null, options);","        };","","        // run tests","        local.nop(local.modeTest &&","            document.querySelector('#testRunButton1') &&","            document.querySelector('#testRunButton1').click());","        break;","","","","    // run node js-env code - init-after","    /* istanbul ignore next */","    case 'node':","        local.testCase_buildApidoc_default = local.testCase_buildApidoc_default || function (","            options,","            onError","        ) {","        /*","         * this function will test buildApidoc's default handling-behavior-behavior","         */","            options = { modulePathList: module.paths };","            local.buildApidoc(options, onError);","        };","","        local.testCase_buildApp_default = local.testCase_buildApp_default || function (","            options,","            onError","        ) {","        /*","         * this function will test buildApp's default handling-behavior-behavior","         */","            local.testCase_buildReadme_default(options, local.onErrorThrow);","            local.testCase_buildLib_default(options, local.onErrorThrow);","            local.testCase_buildTest_default(options, local.onErrorThrow);","            local.testCase_buildCustomOrg_default(options, local.onErrorThrow);","            options = [];","            local.buildApp(options, onError);","        };","","        local.testCase_buildCustomOrg_default = local.testCase_buildCustomOrg_default ||","            function (options, onError) {","            /*","             * this function will test buildCustomOrg's default handling-behavior","             */","                options = {};","                local.buildCustomOrg(options, onError);","            };","","        local.testCase_buildLib_default = local.testCase_buildLib_default || function (","            options,","            onError","        ) {","        /*","         * this function will test buildLib's default handling-behavior","         */","            options = {};","            local.buildLib(options, onError);","        };","","        local.testCase_buildReadme_default = local.testCase_buildReadme_default || function (","            options,","            onError","        ) {","        /*","         * this function will test buildReadme's default handling-behavior-behavior","         */","            options = {};","            local.buildReadme(options, onError);","        };","","        local.testCase_buildTest_default = local.testCase_buildTest_default || function (","            options,","            onError","        ) {","        /*","         * this function will test buildTest's default handling-behavior","         */","            options = {};","            local.buildTest(options, onError);","        };","","        local.testCase_webpage_default = local.testCase_webpage_default || function (","            options,","            onError","        ) {","        /*","         * this function will test webpage's default handling-behavior","         */","            options = { modeCoverageMerge: true, url: local.serverLocalHost + '?modeTest=1' };","            local.browserTest(options, onError);","        };","","        // run test-server","        local.testRunServer(local);","        break;","    }","}());",""],"l":{"12":2,"14":2,"19":2,"21":2,"23":2,"24":2,"25":2,"30":1,"37":2,"40":2,"43":1,"47":1,"50":1,"52":1,"55":2,"61":2,"62":2,"64":2,"70":1,"76":1,"82":2,"83":2,"85":2,"91":1,"98":1,"102":1,"105":1,"112":1,"119":1,"120":1,"123":1,"130":1,"131":1,"132":1,"133":1,"134":1,"135":1,"138":1,"143":2,"144":2,"147":1,"154":2,"155":2,"158":1,"165":2,"166":2,"169":1,"176":2,"177":2,"180":1,"187":1,"188":1,"192":1,"193":1}},"/home/travis/build/npmtest/node-npmtest-oauth20-provider/lib.npmtest_oauth20_provider.js":{"path":"/home/travis/build/npmtest/node-npmtest-oauth20-provider/lib.npmtest_oauth20_provider.js","s":{"1":2,"2":2,"3":2,"4":2,"5":2,"6":2,"7":2,"8":1,"9":2,"10":2,"11":2,"12":2,"13":1,"14":1,"15":1,"16":1},"b":{"1":[2,1,1,1],"2":[1,1,1,1],"3":[1,1],"4":[2,2],"5":[1,1]},"f":{"1":2,"2":2,"3":2},"fnMap":{"1":{"name":"(anonymous_1)","line":12,"loc":{"start":{"line":12,"column":1},"end":{"line":12,"column":13}}},"2":{"name":"(anonymous_2)","line":19,"loc":{"start":{"line":19,"column":5},"end":{"line":19,"column":17}}},"3":{"name":"(anonymous_3)","line":23,"loc":{"start":{"line":23,"column":24},"end":{"line":23,"column":36}}}},"statementMap":{"1":{"start":{"line":12,"column":0},"end":{"line":53,"column":5}},"2":{"start":{"line":14,"column":4},"end":{"line":14,"column":14}},"3":{"start":{"line":19,"column":4},"end":{"line":52,"column":9}},"4":{"start":{"line":21,"column":8},"end":{"line":21,"column":19}},"5":{"start":{"line":23,"column":8},"end":{"line":35,"column":13}},"6":{"start":{"line":24,"column":12},"end":{"line":34,"column":13}},"7":{"start":{"line":25,"column":16},"end":{"line":28,"column":30}},"8":{"start":{"line":30,"column":16},"end":{"line":33,"column":27}},"9":{"start":{"line":37,"column":8},"end":{"line":39,"column":21}},"10":{"start":{"line":41,"column":8},"end":{"line":41,"column":54}},"11":{"start":{"line":43,"column":8},"end":{"line":43,"column":61}},"12":{"start":{"line":45,"column":8},"end":{"line":51,"column":9}},"13":{"start":{"line":46,"column":12},"end":{"line":46,"column":67}},"14":{"start":{"line":48,"column":12},"end":{"line":48,"column":35}},"15":{"start":{"line":49,"column":12},"end":{"line":49,"column":49}},"16":{"start":{"line":50,"column":12},"end":{"line":50,"column":43}}},"branchMap":{"1":{"line":25,"type":"binary-expr","locations":[{"start":{"line":25,"column":23},"end":{"line":25,"column":62}},{"start":{"line":26,"column":20},"end":{"line":26,"column":70}},{"start":{"line":27,"column":20},"end":{"line":27,"column":71}},{"start":{"line":28,"column":20},"end":{"line":28,"column":29}}]},"2":{"line":30,"type":"binary-expr","locations":[{"start":{"line":30,"column":23},"end":{"line":30,"column":37}},{"start":{"line":31,"column":20},"end":{"line":31,"column":61}},{"start":{"line":32,"column":20},"end":{"line":32,"column":70}},{"start":{"line":33,"column":20},"end":{"line":33,"column":26}}]},"3":{"line":37,"type":"cond-expr","locations":[{"start":{"line":38,"column":14},"end":{"line":38,"column":20}},{"start":{"line":39,"column":14},"end":{"line":39,"column":20}}]},"4":{"line":41,"type":"binary-expr","locations":[{"start":{"line":41,"column":16},"end":{"line":41,"column":44}},{"start":{"line":41,"column":48},"end":{"line":41,"column":53}}]},"5":{"line":45,"type":"if","locations":[{"start":{"line":45,"column":8},"end":{"line":45,"column":8}},{"start":{"line":45,"column":8},"end":{"line":45,"column":8}}]}},"code":["/* istanbul instrument in package npmtest_oauth20_provider */","/*jslint","    bitwise: true,","    browser: true,","    maxerr: 8,","    maxlen: 96,","    node: true,","    nomen: true,","    regexp: true,","    stupid: true","*/","(function () {","    'use strict';","    var local;","","","","    // run shared js-env code - init-before","    (function () {","        // init local","        local = {};","        // init modeJs","        local.modeJs = (function () {","            try {","                return typeof navigator.userAgent === 'string' &&","                    typeof document.querySelector('body') === 'object' &&","                    typeof XMLHttpRequest.prototype.open === 'function' &&","                    'browser';","            } catch (errorCaughtBrowser) {","                return module.exports &&","                    typeof process.versions.node === 'string' &&","                    typeof require('http').createServer === 'function' &&","                    'node';","            }","        }());","        // init global","        local.global = local.modeJs === 'browser'","            ? window","            : global;","        // init utility2_rollup","        local = local.global.utility2_rollup || local;","        // init lib","        local.local = local.npmtest_oauth20_provider = local;","        // init exports","        if (local.modeJs === 'browser') {","            local.global.utility2_npmtest_oauth20_provider = local;","        } else {","            module.exports = local;","            module.exports.__dirname = __dirname;","            module.exports.module = module;","        }","    }());","}());",""],"l":{"12":2,"14":2,"19":2,"21":2,"23":2,"24":2,"25":2,"30":1,"37":2,"41":2,"43":2,"45":2,"46":1,"48":1,"49":1,"50":1}},"/home/travis/build/npmtest/node-npmtest-oauth20-provider/example.js":{"path":"/home/travis/build/npmtest/node-npmtest-oauth20-provider/example.js","s":{"1":2,"2":2,"3":2,"4":2,"5":2,"6":2,"7":2,"8":1,"9":2,"10":2,"11":2,"12":2,"13":1,"14":2,"15":2,"16":2,"17":2,"18":2,"19":0,"20":2,"21":1,"22":1,"23":1,"24":1,"25":1,"26":0,"27":0,"28":1,"29":1,"30":2,"31":0,"32":0,"33":0,"34":1,"35":2,"36":2,"37":3,"38":3,"39":3,"40":3,"41":0,"42":3,"43":3,"44":3,"45":1,"46":3,"47":1,"48":1,"49":1,"50":1,"51":1,"52":1,"53":1,"54":1,"55":1,"56":1,"57":0,"58":1,"59":6,"60":6,"61":1,"62":2,"63":0,"64":2,"65":1,"66":1,"67":0,"68":0,"69":0,"70":0,"71":0,"72":0,"73":0,"74":0,"75":0,"76":0,"77":0,"78":0,"79":0,"80":0,"81":0,"82":0,"83":0},"b":{"1":[2,1,1,1],"2":[1,1,1,1],"3":[1,1],"4":[2,2],"5":[1,1],"6":[1,1],"7":[2,0],"8":[2,1,1,1,1,1],"9":[0,2,0],"10":[1,1],"11":[2,1,1],"12":[1,0],"13":[0,2],"14":[2,0,0,0,0,0,0],"15":[0,3],"16":[3,0],"17":[1,1],"18":[0,1],"19":[1,2,0,2],"20":[1,0],"21":[1,1],"22":[0,0],"23":[0,0],"24":[0,0],"25":[0,0],"26":[0,0],"27":[0,0],"28":[0,0]},"f":{"1":2,"2":2,"3":2,"4":2,"5":2,"6":2,"7":3,"8":3,"9":3,"10":1,"11":6,"12":0},"fnMap":{"1":{"name":"(anonymous_1)","line":26,"loc":{"start":{"line":26,"column":1},"end":{"line":26,"column":13}}},"2":{"name":"(anonymous_2)","line":33,"loc":{"start":{"line":33,"column":5},"end":{"line":33,"column":17}}},"3":{"name":"(anonymous_3)","line":37,"loc":{"start":{"line":37,"column":24},"end":{"line":37,"column":36}}},"4":{"name":"(anonymous_4)","line":69,"loc":{"start":{"line":69,"column":31},"end":{"line":69,"column":48}},"skip":true},"5":{"name":"(anonymous_5)","line":78,"loc":{"start":{"line":78,"column":26},"end":{"line":78,"column":45}},"skip":true},"6":{"name":"(anonymous_6)","line":123,"loc":{"start":{"line":123,"column":33},"end":{"line":123,"column":48}},"skip":true},"7":{"name":"(anonymous_7)","line":125,"loc":{"start":{"line":125,"column":27},"end":{"line":125,"column":39}},"skip":true},"8":{"name":"(anonymous_8)","line":133,"loc":{"start":{"line":133,"column":59},"end":{"line":133,"column":74}},"skip":true},"9":{"name":"(anonymous_9)","line":143,"loc":{"start":{"line":143,"column":45},"end":{"line":143,"column":62}},"skip":true},"10":{"name":"(anonymous_10)","line":144,"loc":{"start":{"line":144,"column":73},"end":{"line":144,"column":92}},"skip":true},"11":{"name":"(anonymous_11)","line":272,"loc":{"start":{"line":272,"column":51},"end":{"line":272,"column":77}},"skip":true},"12":{"name":"(anonymous_12)","line":315,"loc":{"start":{"line":315,"column":32},"end":{"line":315,"column":61}},"skip":true}},"statementMap":{"1":{"start":{"line":26,"column":0},"end":{"line":326,"column":5}},"2":{"start":{"line":28,"column":4},"end":{"line":28,"column":14}},"3":{"start":{"line":33,"column":4},"end":{"line":60,"column":9}},"4":{"start":{"line":35,"column":8},"end":{"line":35,"column":19}},"5":{"start":{"line":37,"column":8},"end":{"line":49,"column":13}},"6":{"start":{"line":38,"column":12},"end":{"line":48,"column":13}},"7":{"start":{"line":39,"column":16},"end":{"line":42,"column":30}},"8":{"start":{"line":44,"column":16},"end":{"line":47,"column":27}},"9":{"start":{"line":51,"column":8},"end":{"line":53,"column":21}},"10":{"start":{"line":55,"column":8},"end":{"line":57,"column":45}},"11":{"start":{"line":59,"column":8},"end":{"line":59,"column":35}},"12":{"start":{"line":61,"column":4},"end":{"line":325,"column":5}},"13":{"start":{"line":69,"column":8},"end":{"line":121,"column":10},"skip":true},"14":{"start":{"line":70,"column":12},"end":{"line":88,"column":13},"skip":true},"15":{"start":{"line":76,"column":16},"end":{"line":87,"column":19},"skip":true},"16":{"start":{"line":79,"column":20},"end":{"line":86,"column":21},"skip":true},"17":{"start":{"line":82,"column":24},"end":{"line":82,"column":43},"skip":true},"18":{"start":{"line":83,"column":24},"end":{"line":83,"column":30},"skip":true},"19":{"start":{"line":85,"column":24},"end":{"line":85,"column":49},"skip":true},"20":{"start":{"line":89,"column":12},"end":{"line":107,"column":13},"skip":true},"21":{"start":{"line":92,"column":16},"end":{"line":102,"column":17},"skip":true},"22":{"start":{"line":93,"column":20},"end":{"line":93,"column":86},"skip":true},"23":{"start":{"line":94,"column":20},"end":{"line":95,"column":45},"skip":true},"24":{"start":{"line":96,"column":20},"end":{"line":96,"column":42},"skip":true},"25":{"start":{"line":97,"column":20},"end":{"line":97,"column":48},"skip":true},"26":{"start":{"line":100,"column":20},"end":{"line":100,"column":85},"skip":true},"27":{"start":{"line":101,"column":20},"end":{"line":101,"column":96},"skip":true},"28":{"start":{"line":103,"column":16},"end":{"line":103,"column":22},"skip":true},"29":{"start":{"line":106,"column":16},"end":{"line":106,"column":22},"skip":true},"30":{"start":{"line":108,"column":12},"end":{"line":120,"column":13},"skip":true},"31":{"start":{"line":114,"column":16},"end":{"line":119,"column":17},"skip":true},"32":{"start":{"line":116,"column":20},"end":{"line":116,"column":78},"skip":true},"33":{"start":{"line":118,"column":20},"end":{"line":118,"column":47},"skip":true},"34":{"start":{"line":123,"column":8},"end":{"line":141,"column":11},"skip":true},"35":{"start":{"line":124,"column":12},"end":{"line":124,"column":54},"skip":true},"36":{"start":{"line":125,"column":12},"end":{"line":140,"column":14},"skip":true},"37":{"start":{"line":126,"column":16},"end":{"line":126,"column":28},"skip":true},"38":{"start":{"line":127,"column":16},"end":{"line":127,"column":69},"skip":true},"39":{"start":{"line":128,"column":16},"end":{"line":128,"column":75},"skip":true},"40":{"start":{"line":129,"column":16},"end":{"line":131,"column":17},"skip":true},"41":{"start":{"line":130,"column":20},"end":{"line":130,"column":27},"skip":true},"42":{"start":{"line":133,"column":16},"end":{"line":137,"column":36},"skip":true},"43":{"start":{"line":134,"column":20},"end":{"line":136,"column":55},"skip":true},"44":{"start":{"line":139,"column":16},"end":{"line":139,"column":57},"skip":true},"45":{"start":{"line":143,"column":8},"end":{"line":147,"column":11},"skip":true},"46":{"start":{"line":144,"column":12},"end":{"line":146,"column":15},"skip":true},"47":{"start":{"line":145,"column":16},"end":{"line":145,"column":70},"skip":true},"48":{"start":{"line":149,"column":8},"end":{"line":149,"column":31},"skip":true},"49":{"start":{"line":150,"column":8},"end":{"line":150,"column":14},"skip":true},"50":{"start":{"line":158,"column":8},"end":{"line":158,"column":31},"skip":true},"51":{"start":{"line":160,"column":8},"end":{"line":160,"column":33},"skip":true},"52":{"start":{"line":161,"column":8},"end":{"line":161,"column":37},"skip":true},"53":{"start":{"line":162,"column":8},"end":{"line":162,"column":35},"skip":true},"54":{"start":{"line":164,"column":8},"end":{"line":164,"column":50},"skip":true},"55":{"start":{"line":166,"column":8},"end":{"line":256,"column":2},"skip":true},"56":{"start":{"line":258,"column":8},"end":{"line":286,"column":9},"skip":true},"57":{"start":{"line":259,"column":12},"end":{"line":269,"column":14},"skip":true},"58":{"start":{"line":271,"column":12},"end":{"line":285,"column":19},"skip":true},"59":{"start":{"line":274,"column":20},"end":{"line":274,"column":35},"skip":true},"60":{"start":{"line":275,"column":20},"end":{"line":284,"column":21},"skip":true},"61":{"start":{"line":277,"column":24},"end":{"line":277,"column":64},"skip":true},"62":{"start":{"line":279,"column":24},"end":{"line":279,"column":40},"skip":true},"63":{"start":{"line":281,"column":24},"end":{"line":281,"column":40},"skip":true},"64":{"start":{"line":283,"column":24},"end":{"line":283,"column":39},"skip":true},"65":{"start":{"line":288,"column":8},"end":{"line":290,"column":9},"skip":true},"66":{"start":{"line":289,"column":12},"end":{"line":289,"column":18},"skip":true},"67":{"start":{"line":291,"column":8},"end":{"line":293,"column":54},"skip":true},"68":{"start":{"line":296,"column":8},"end":{"line":301,"column":37},"skip":true},"69":{"start":{"line":303,"column":8},"end":{"line":303,"column":82},"skip":true},"70":{"start":{"line":306,"column":8},"end":{"line":308,"column":9},"skip":true},"71":{"start":{"line":307,"column":12},"end":{"line":307,"column":82},"skip":true},"72":{"start":{"line":310,"column":8},"end":{"line":312,"column":9},"skip":true},"73":{"start":{"line":311,"column":12},"end":{"line":311,"column":18},"skip":true},"74":{"start":{"line":313,"column":8},"end":{"line":313,"column":54},"skip":true},"75":{"start":{"line":314,"column":8},"end":{"line":314,"column":69},"skip":true},"76":{"start":{"line":315,"column":8},"end":{"line":323,"column":36},"skip":true},"77":{"start":{"line":316,"column":12},"end":{"line":316,"column":61},"skip":true},"78":{"start":{"line":317,"column":12},"end":{"line":320,"column":13},"skip":true},"79":{"start":{"line":318,"column":16},"end":{"line":318,"column":75},"skip":true},"80":{"start":{"line":319,"column":16},"end":{"line":319,"column":23},"skip":true},"81":{"start":{"line":321,"column":12},"end":{"line":321,"column":38},"skip":true},"82":{"start":{"line":322,"column":12},"end":{"line":322,"column":27},"skip":true},"83":{"start":{"line":324,"column":8},"end":{"line":324,"column":14},"skip":true}},"branchMap":{"1":{"line":39,"type":"binary-expr","locations":[{"start":{"line":39,"column":23},"end":{"line":39,"column":62}},{"start":{"line":40,"column":20},"end":{"line":40,"column":70}},{"start":{"line":41,"column":20},"end":{"line":41,"column":71}},{"start":{"line":42,"column":20},"end":{"line":42,"column":29}}]},"2":{"line":44,"type":"binary-expr","locations":[{"start":{"line":44,"column":23},"end":{"line":44,"column":37}},{"start":{"line":45,"column":20},"end":{"line":45,"column":61}},{"start":{"line":46,"column":20},"end":{"line":46,"column":70}},{"start":{"line":47,"column":20},"end":{"line":47,"column":26}}]},"3":{"line":51,"type":"cond-expr","locations":[{"start":{"line":52,"column":14},"end":{"line":52,"column":20}},{"start":{"line":53,"column":14},"end":{"line":53,"column":20}}]},"4":{"line":55,"type":"binary-expr","locations":[{"start":{"line":55,"column":16},"end":{"line":55,"column":44}},{"start":{"line":55,"column":49},"end":{"line":57,"column":43}}]},"5":{"line":55,"type":"cond-expr","locations":[{"start":{"line":56,"column":14},"end":{"line":56,"column":60}},{"start":{"line":57,"column":14},"end":{"line":57,"column":43}}]},"6":{"line":61,"type":"switch","locations":[{"start":{"line":68,"column":4},"end":{"line":150,"column":14},"skip":true},{"start":{"line":156,"column":4},"end":{"line":324,"column":14},"skip":true}]},"7":{"line":70,"type":"if","locations":[{"start":{"line":70,"column":12},"end":{"line":70,"column":12},"skip":true},{"start":{"line":70,"column":12},"end":{"line":70,"column":12},"skip":true}]},"8":{"line":70,"type":"binary-expr","locations":[{"start":{"line":70,"column":16},"end":{"line":70,"column":22},"skip":true},{"start":{"line":70,"column":27},"end":{"line":70,"column":32},"skip":true},{"start":{"line":71,"column":20},"end":{"line":71,"column":39},"skip":true},{"start":{"line":72,"column":20},"end":{"line":72,"column":49},"skip":true},{"start":{"line":73,"column":20},"end":{"line":73,"column":58},"skip":true},{"start":{"line":74,"column":20},"end":{"line":74,"column":69},"skip":true}]},"9":{"line":79,"type":"switch","locations":[{"start":{"line":80,"column":20},"end":{"line":80,"column":33},"skip":true},{"start":{"line":81,"column":20},"end":{"line":83,"column":30},"skip":true},{"start":{"line":84,"column":20},"end":{"line":85,"column":49},"skip":true}]},"10":{"line":89,"type":"switch","locations":[{"start":{"line":90,"column":12},"end":{"line":103,"column":22},"skip":true},{"start":{"line":105,"column":12},"end":{"line":106,"column":22},"skip":true}]},"11":{"line":89,"type":"binary-expr","locations":[{"start":{"line":89,"column":20},"end":{"line":89,"column":25},"skip":true},{"start":{"line":89,"column":29},"end":{"line":89,"column":48},"skip":true},{"start":{"line":89,"column":52},"end":{"line":89,"column":74},"skip":true}]},"12":{"line":92,"type":"if","locations":[{"start":{"line":92,"column":16},"end":{"line":92,"column":16},"skip":true},{"start":{"line":92,"column":16},"end":{"line":92,"column":16},"skip":true}]},"13":{"line":108,"type":"if","locations":[{"start":{"line":108,"column":12},"end":{"line":108,"column":12},"skip":true},{"start":{"line":108,"column":12},"end":{"line":108,"column":12},"skip":true}]},"14":{"line":108,"type":"binary-expr","locations":[{"start":{"line":108,"column":16},"end":{"line":108,"column":61},"skip":true},{"start":{"line":108,"column":66},"end":{"line":108,"column":72},"skip":true},{"start":{"line":108,"column":77},"end":{"line":108,"column":82},"skip":true},{"start":{"line":109,"column":20},"end":{"line":109,"column":39},"skip":true},{"start":{"line":110,"column":20},"end":{"line":110,"column":49},"skip":true},{"start":{"line":111,"column":20},"end":{"line":111,"column":58},"skip":true},{"start":{"line":112,"column":20},"end":{"line":112,"column":68},"skip":true}]},"15":{"line":129,"type":"if","locations":[{"start":{"line":129,"column":16},"end":{"line":129,"column":16},"skip":true},{"start":{"line":129,"column":16},"end":{"line":129,"column":16},"skip":true}]},"16":{"line":134,"type":"cond-expr","locations":[{"start":{"line":135,"column":26},"end":{"line":135,"column":29},"skip":true},{"start":{"line":136,"column":26},"end":{"line":136,"column":54},"skip":true}]},"17":{"line":164,"type":"binary-expr","locations":[{"start":{"line":164,"column":27},"end":{"line":164,"column":43},"skip":true},{"start":{"line":164,"column":47},"end":{"line":164,"column":49},"skip":true}]},"18":{"line":258,"type":"if","locations":[{"start":{"line":258,"column":8},"end":{"line":258,"column":8},"skip":true},{"start":{"line":258,"column":8},"end":{"line":258,"column":8},"skip":true}]},"19":{"line":275,"type":"switch","locations":[{"start":{"line":276,"column":20},"end":{"line":277,"column":64},"skip":true},{"start":{"line":278,"column":20},"end":{"line":279,"column":40},"skip":true},{"start":{"line":280,"column":20},"end":{"line":281,"column":40},"skip":true},{"start":{"line":282,"column":20},"end":{"line":283,"column":39},"skip":true}]},"20":{"line":288,"type":"if","locations":[{"start":{"line":288,"column":8},"end":{"line":288,"column":8},"skip":true},{"start":{"line":288,"column":8},"end":{"line":288,"column":8},"skip":true}]},"21":{"line":288,"type":"binary-expr","locations":[{"start":{"line":288,"column":12},"end":{"line":288,"column":40},"skip":true},{"start":{"line":288,"column":44},"end":{"line":288,"column":67},"skip":true}]},"22":{"line":292,"type":"binary-expr","locations":[{"start":{"line":292,"column":12},"end":{"line":292,"column":50},"skip":true},{"start":{"line":293,"column":12},"end":{"line":293,"column":53},"skip":true}]},"23":{"line":297,"type":"binary-expr","locations":[{"start":{"line":297,"column":12},"end":{"line":297,"column":74},"skip":true},{"start":{"line":298,"column":12},"end":{"line":301,"column":36},"skip":true}]},"24":{"line":303,"type":"binary-expr","locations":[{"start":{"line":303,"column":43},"end":{"line":303,"column":75},"skip":true},{"start":{"line":303,"column":79},"end":{"line":303,"column":81},"skip":true}]},"25":{"line":306,"type":"if","locations":[{"start":{"line":306,"column":8},"end":{"line":306,"column":8},"skip":true},{"start":{"line":306,"column":8},"end":{"line":306,"column":8},"skip":true}]},"26":{"line":310,"type":"if","locations":[{"start":{"line":310,"column":8},"end":{"line":310,"column":8},"skip":true},{"start":{"line":310,"column":8},"end":{"line":310,"column":8},"skip":true}]},"27":{"line":313,"type":"binary-expr","locations":[{"start":{"line":313,"column":27},"end":{"line":313,"column":43},"skip":true},{"start":{"line":313,"column":47},"end":{"line":313,"column":53},"skip":true}]},"28":{"line":317,"type":"if","locations":[{"start":{"line":317,"column":12},"end":{"line":317,"column":12},"skip":true},{"start":{"line":317,"column":12},"end":{"line":317,"column":12},"skip":true}]}},"code":["/*","example.js","","quickstart example","","instruction","    1. save this script as example.js","    2. run the shell command:","        $ npm install npmtest-oauth20-provider && PORT=8081 node example.js","    3. play with the browser-demo on http://127.0.0.1:8081","*/","","","","/* istanbul instrument in package npmtest_oauth20_provider */","/*jslint","    bitwise: true,","    browser: true,","    maxerr: 8,","    maxlen: 96,","    node: true,","    nomen: true,","    regexp: true,","    stupid: true","*/","(function () {","    'use strict';","    var local;","","","","    // run shared js-env code - init-before","    (function () {","        // init local","        local = {};","        // init modeJs","        local.modeJs = (function () {","            try {","                return typeof navigator.userAgent === 'string' &&","                    typeof document.querySelector('body') === 'object' &&","                    typeof XMLHttpRequest.prototype.open === 'function' &&","                    'browser';","            } catch (errorCaughtBrowser) {","                return module.exports &&","                    typeof process.versions.node === 'string' &&","                    typeof require('http').createServer === 'function' &&","                    'node';","            }","        }());","        // init global","        local.global = local.modeJs === 'browser'","            ? window","            : global;","        // init utility2_rollup","        local = local.global.utility2_rollup || (local.modeJs === 'browser'","            ? local.global.utility2_npmtest_oauth20_provider","            : global.utility2_moduleExports);","        // export local","        local.global.local = local;","    }());","    switch (local.modeJs) {","","","","    // init-after","    // run browser js-env code - init-after","    /* istanbul ignore next */","    case 'browser':","        local.testRunBrowser = function (event) {","            if (!event || (event &&","                    event.currentTarget &&","                    event.currentTarget.className &&","                    event.currentTarget.className.includes &&","                    event.currentTarget.className.includes('onreset'))) {","                // reset output","                Array.from(","                    document.querySelectorAll('body > .resettable')","                ).forEach(function (element) {","                    switch (element.tagName) {","                    case 'INPUT':","                    case 'TEXTAREA':","                        element.value = '';","                        break;","                    default:","                        element.textContent = '';","                    }","                });","            }","            switch (event && event.currentTarget && event.currentTarget.id) {","            case 'testRunButton1':","                // show tests","                if (document.querySelector('#testReportDiv1').style.display === 'none') {","                    document.querySelector('#testReportDiv1').style.display = 'block';","                    document.querySelector('#testRunButton1').textContent =","                        'hide internal test';","                    local.modeTest = true;","                    local.testRunDefault(local);","                // hide tests","                } else {","                    document.querySelector('#testReportDiv1').style.display = 'none';","                    document.querySelector('#testRunButton1').textContent = 'run internal test';","                }","                break;","            // custom-case","            default:","                break;","            }","            if (document.querySelector('#inputTextareaEval1') && (!event || (event &&","                    event.currentTarget &&","                    event.currentTarget.className &&","                    event.currentTarget.className.includes &&","                    event.currentTarget.className.includes('oneval')))) {","                // try to eval input-code","                try {","                    /*jslint evil: true*/","                    eval(document.querySelector('#inputTextareaEval1').value);","                } catch (errorCaught) {","                    console.error(errorCaught);","                }","            }","        };","        // log stderr and stdout to #outputTextareaStdout1","        ['error', 'log'].forEach(function (key) {","            console[key + '_original'] = console[key];","            console[key] = function () {","                var element;","                console[key + '_original'].apply(console, arguments);","                element = document.querySelector('#outputTextareaStdout1');","                if (!element) {","                    return;","                }","                // append text to #outputTextareaStdout1","                element.value += Array.from(arguments).map(function (arg) {","                    return typeof arg === 'string'","                        ? arg","                        : JSON.stringify(arg, null, 4);","                }).join(' ') + '\\n';","                // scroll textarea to bottom","                element.scrollTop = element.scrollHeight;","            };","        });","        // init event-handling","        ['change', 'click', 'keyup'].forEach(function (event) {","            Array.from(document.querySelectorAll('.on' + event)).forEach(function (element) {","                element.addEventListener(event, local.testRunBrowser);","            });","        });","        // run tests","        local.testRunBrowser();","        break;","","","","    // run node js-env code - init-after","    /* istanbul ignore next */","    case 'node':","        // export local","        module.exports = local;","        // require modules","        local.fs = require('fs');","        local.http = require('http');","        local.url = require('url');","        // init assets","        local.assetsDict = local.assetsDict || {};","        /* jslint-ignore-begin */","        local.assetsDict['/assets.index.template.html'] = '\\","<!doctype html>\\n\\","<html lang=\"en\">\\n\\","<head>\\n\\","<meta charset=\"UTF-8\">\\n\\","<meta name=\"viewport\" content=\"width=device-width, initial-scale=1\">\\n\\","<title>{{env.npm_package_name}} (v{{env.npm_package_version}})</title>\\n\\","<style>\\n\\","/*csslint\\n\\","    box-sizing: false,\\n\\","    universal-selector: false\\n\\","*/\\n\\","* {\\n\\","    box-sizing: border-box;\\n\\","}\\n\\","body {\\n\\","    background: #dde;\\n\\","    font-family: Arial, Helvetica, sans-serif;\\n\\","    margin: 2rem;\\n\\","}\\n\\","body > * {\\n\\","    margin-bottom: 1rem;\\n\\","}\\n\\",".utility2FooterDiv {\\n\\","    margin-top: 20px;\\n\\","    text-align: center;\\n\\","}\\n\\","</style>\\n\\","<style>\\n\\","/*csslint\\n\\","*/\\n\\","textarea {\\n\\","    font-family: monospace;\\n\\","    height: 10rem;\\n\\","    width: 100%;\\n\\","}\\n\\","textarea[readonly] {\\n\\","    background: #ddd;\\n\\","}\\n\\","</style>\\n\\","</head>\\n\\","<body>\\n\\","<!-- utility2-comment\\n\\","<div id=\"ajaxProgressDiv1\" style=\"background: #d00; height: 2px; left: 0; margin: 0; padding: 0; position: fixed; top: 0; transition: background 0.5s, width 1.5s; width: 25%;\"></div>\\n\\","utility2-comment -->\\n\\","<h1>\\n\\","<!-- utility2-comment\\n\\","    <a\\n\\","        {{#if env.npm_package_homepage}}\\n\\","        href=\"{{env.npm_package_homepage}}\"\\n\\","        {{/if env.npm_package_homepage}}\\n\\","        target=\"_blank\"\\n\\","    >\\n\\","utility2-comment -->\\n\\","        {{env.npm_package_name}} (v{{env.npm_package_version}})\\n\\","<!-- utility2-comment\\n\\","    </a>\\n\\","utility2-comment -->\\n\\","</h1>\\n\\","<h3>{{env.npm_package_description}}</h3>\\n\\","<!-- utility2-comment\\n\\","<h4><a download href=\"assets.app.js\">download standalone app</a></h4>\\n\\","<button class=\"onclick onreset\" id=\"testRunButton1\">run internal test</button><br>\\n\\","<div id=\"testReportDiv1\" style=\"display: none;\"></div>\\n\\","utility2-comment -->\\n\\","\\n\\","\\n\\","\\n\\","<label>stderr and stdout</label>\\n\\","<textarea class=\"resettable\" id=\"outputTextareaStdout1\" readonly></textarea>\\n\\","<!-- utility2-comment\\n\\","{{#if isRollup}}\\n\\","<script src=\"assets.app.js\"></script>\\n\\","{{#unless isRollup}}\\n\\","utility2-comment -->\\n\\","<script src=\"assets.utility2.rollup.js\"></script>\\n\\","<script src=\"jsonp.utility2._stateInit?callback=window.utility2._stateInit\"></script>\\n\\","<script src=\"assets.npmtest_oauth20_provider.rollup.js\"></script>\\n\\","<script src=\"assets.example.js\"></script>\\n\\","<script src=\"assets.test.js\"></script>\\n\\","<!-- utility2-comment\\n\\","{{/if isRollup}}\\n\\","utility2-comment -->\\n\\","<div class=\"utility2FooterDiv\">\\n\\","    [ this app was created with\\n\\","    <a href=\"https://github.com/kaizhu256/node-utility2\" target=\"_blank\">utility2</a>\\n\\","    ]\\n\\","</div>\\n\\","</body>\\n\\","</html>\\n\\","';","        /* jslint-ignore-end */","        if (local.templateRender) {","            local.assetsDict['/'] = local.templateRender(","                local.assetsDict['/assets.index.template.html'],","                {","                    env: local.objectSetDefault(local.env, {","                        npm_package_description: 'the greatest app in the world!',","                        npm_package_name: 'my-app',","                        npm_package_nameAlias: 'my_app',","                        npm_package_version: '0.0.1'","                    })","                }","            );","        } else {","            local.assetsDict['/'] = local.assetsDict['/assets.index.template.html']","                .replace((/\\{\\{env\\.(\\w+?)\\}\\}/g), function (match0, match1) {","                    // jslint-hack","                    String(match0);","                    switch (match1) {","                    case 'npm_package_description':","                        return 'the greatest app in the world!';","                    case 'npm_package_name':","                        return 'my-app';","                    case 'npm_package_nameAlias':","                        return 'my_app';","                    case 'npm_package_version':","                        return '0.0.1';","                    }","                });","        }","        // run the cli","        if (local.global.utility2_rollup || module !== require.main) {","            break;","        }","        local.assetsDict['/assets.example.js'] =","            local.assetsDict['/assets.example.js'] ||","            local.fs.readFileSync(__filename, 'utf8');","        // bug-workaround - long $npm_package_buildCustomOrg","        /* jslint-ignore-begin */","        local.assetsDict['/assets.npmtest_oauth20_provider.rollup.js'] =","            local.assetsDict['/assets.npmtest_oauth20_provider.rollup.js'] ||","            local.fs.readFileSync(","                local.npmtest_oauth20_provider.__dirname + '/lib.npmtest_oauth20_provider.js',","                'utf8'","            ).replace((/^#!/), '//');","        /* jslint-ignore-end */","        local.assetsDict['/favicon.ico'] = local.assetsDict['/favicon.ico'] || '';","        // if $npm_config_timeout_exit exists,","        // then exit this process after $npm_config_timeout_exit ms","        if (Number(process.env.npm_config_timeout_exit)) {","            setTimeout(process.exit, Number(process.env.npm_config_timeout_exit));","        }","        // start server","        if (local.global.utility2_serverHttp1) {","            break;","        }","        process.env.PORT = process.env.PORT || '8081';","        console.error('server starting on port ' + process.env.PORT);","        local.http.createServer(function (request, response) {","            request.urlParsed = local.url.parse(request.url);","            if (local.assetsDict[request.urlParsed.pathname] !== undefined) {","                response.end(local.assetsDict[request.urlParsed.pathname]);","                return;","            }","            response.statusCode = 404;","            response.end();","        }).listen(process.env.PORT);","        break;","    }","}());",""],"l":{"26":2,"28":2,"33":2,"35":2,"37":2,"38":2,"39":2,"44":1,"51":2,"55":2,"59":2,"61":2,"69":1,"70":2,"76":2,"79":2,"82":2,"83":2,"85":1,"89":2,"92":1,"93":1,"94":1,"96":1,"97":1,"100":1,"101":1,"103":1,"106":1,"108":2,"114":1,"116":1,"118":1,"123":1,"124":2,"125":2,"126":3,"127":3,"128":3,"129":3,"130":1,"133":3,"134":3,"139":3,"143":1,"144":3,"145":1,"149":1,"150":1,"158":1,"160":1,"161":1,"162":1,"164":1,"166":1,"258":1,"259":1,"271":1,"274":6,"275":6,"277":1,"279":2,"281":1,"283":2,"288":1,"289":1,"291":1,"296":1,"303":1,"306":1,"307":1,"310":1,"311":1,"313":1,"314":1,"315":1,"316":1,"317":1,"318":1,"319":1,"321":1,"322":1,"324":1}},"/home/travis/build/npmtest/node-npmtest-oauth20-provider/node_modules/oauth20-provider/lib/index.js":{"path":"/home/travis/build/npmtest/node-npmtest-oauth20-provider/node_modules/oauth20-provider/lib/index.js","s":{"1":1,"2":1,"3":0,"4":0,"5":0,"6":0,"7":0,"8":0,"9":0,"10":0,"11":0,"12":0,"13":0,"14":0,"15":0,"16":1,"17":1,"18":1},"b":{"1":[0,0],"2":[0,0]},"f":{"1":0,"2":0,"3":0},"fnMap":{"1":{"name":"(anonymous_1)","line":8,"loc":{"start":{"line":8,"column":13},"end":{"line":8,"column":31}}},"2":{"name":"(anonymous_2)","line":35,"loc":{"start":{"line":35,"column":18},"end":{"line":35,"column":29}}},"3":{"name":"(anonymous_3)","line":36,"loc":{"start":{"line":36,"column":15},"end":{"line":36,"column":40}}}},"statementMap":{"1":{"start":{"line":1,"column":0},"end":{"line":6,"column":41}},"2":{"start":{"line":8,"column":0},"end":{"line":42,"column":2}},"3":{"start":{"line":9,"column":4},"end":{"line":9,"column":21}},"4":{"start":{"line":11,"column":4},"end":{"line":11,"column":28}},"5":{"start":{"line":13,"column":4},"end":{"line":16,"column":6}},"6":{"start":{"line":25,"column":4},"end":{"line":25,"column":27}},"7":{"start":{"line":28,"column":4},"end":{"line":28,"column":47}},"8":{"start":{"line":29,"column":4},"end":{"line":29,"column":23}},"9":{"start":{"line":30,"column":4},"end":{"line":30,"column":29}},"10":{"start":{"line":32,"column":4},"end":{"line":32,"column":51}},"11":{"start":{"line":35,"column":4},"end":{"line":41,"column":6}},"12":{"start":{"line":36,"column":8},"end":{"line":40,"column":9}},"13":{"start":{"line":37,"column":12},"end":{"line":37,"column":64}},"14":{"start":{"line":38,"column":12},"end":{"line":38,"column":31}},"15":{"start":{"line":39,"column":12},"end":{"line":39,"column":19}},"16":{"start":{"line":44,"column":0},"end":{"line":44,"column":41}},"17":{"start":{"line":45,"column":0},"end":{"line":45,"column":41}},"18":{"start":{"line":47,"column":0},"end":{"line":47,"column":24}}},"branchMap":{"1":{"line":11,"type":"binary-expr","locations":[{"start":{"line":11,"column":14},"end":{"line":11,"column":21}},{"start":{"line":11,"column":25},"end":{"line":11,"column":27}}]},"2":{"line":13,"type":"binary-expr","locations":[{"start":{"line":13,"column":18},"end":{"line":13,"column":29}},{"start":{"line":13,"column":33},"end":{"line":16,"column":5}}]}},"code":["var","    model = require('./model/'),","    controller = require('./controller'),","    middleware = require('./middleware'),","    decision = require('./controller/authorization/decision'),","    logger = require('./util/logger.js');","","var oauth2 = function(options) {","    var _self = this;","","    options = options || {};","","    options.log = options.log || {","        level: 0,","        color: true","    };","","//    options.flows = options.flows || [","//        'authorization_code',","//        'implicit',","//        'password',","//        'client_credentials'","//    ];","","    this.options = options;","","    // Initialize objects (available for redefinition)","    this.logger = new logger(this.options.log);","    this.model = model;","    this.decision = decision;","","    this.logger.info('OAuth2 library initialized');","","    // Injection method","    this.inject = function() {","        return function(req, res, next) {","            _self.logger.debug('Injecting oauth2 into request');","            req.oauth2 = _self;","            next();","        }","    };","};","","oauth2.prototype.controller = controller;","oauth2.prototype.middleware = middleware;","","module.exports = oauth2;"],"l":{"1":1,"8":1,"9":0,"11":0,"13":0,"25":0,"28":0,"29":0,"30":0,"32":0,"35":0,"36":0,"37":0,"38":0,"39":0,"44":1,"45":1,"47":1}},"/home/travis/build/npmtest/node-npmtest-oauth20-provider/node_modules/oauth20-provider/lib/model/index.js":{"path":"/home/travis/build/npmtest/node-npmtest-oauth20-provider/node_modules/oauth20-provider/lib/model/index.js","s":{"1":1},"b":{},"f":{},"fnMap":{},"statementMap":{"1":{"start":{"line":1,"column":0},"end":{"line":7,"column":2}}},"branchMap":{},"code":["module.exports = {","    accessToken:    require('./accessToken.js'),","    client:         require('./client.js'),","    code:           require('./code.js'),","    refreshToken:   require('./refreshToken.js'),","    user:           require('./user.js')","};","// @todo: find and remove unnecessary methods in all the models"],"l":{"1":1}},"/home/travis/build/npmtest/node-npmtest-oauth20-provider/node_modules/oauth20-provider/lib/model/accessToken.js":{"path":"/home/travis/build/npmtest/node-npmtest-oauth20-provider/node_modules/oauth20-provider/lib/model/accessToken.js","s":{"1":1,"2":1,"3":0,"4":1,"5":0,"6":1,"7":0,"8":1,"9":0,"10":1,"11":0,"12":1},"b":{},"f":{"1":0,"2":0,"3":0,"4":0,"5":0},"fnMap":{"1":{"name":"(anonymous_1)","line":23,"loc":{"start":{"line":23,"column":26},"end":{"line":23,"column":48}}},"2":{"name":"(anonymous_2)","line":36,"loc":{"start":{"line":36,"column":30},"end":{"line":36,"column":50}}},"3":{"name":"(anonymous_3)","line":48,"loc":{"start":{"line":48,"column":39},"end":{"line":48,"column":70}}},"4":{"name":"(anonymous_4)","line":57,"loc":{"start":{"line":57,"column":26},"end":{"line":57,"column":48}}},"5":{"name":"(anonymous_5)","line":71,"loc":{"start":{"line":71,"column":24},"end":{"line":71,"column":67}}}},"statementMap":{"1":{"start":{"line":1,"column":0},"end":{"line":2,"column":34}},"2":{"start":{"line":23,"column":0},"end":{"line":25,"column":2}},"3":{"start":{"line":24,"column":4},"end":{"line":24,"column":90}},"4":{"start":{"line":36,"column":0},"end":{"line":38,"column":2}},"5":{"start":{"line":37,"column":4},"end":{"line":37,"column":94}},"6":{"start":{"line":48,"column":0},"end":{"line":50,"column":2}},"7":{"start":{"line":49,"column":4},"end":{"line":49,"column":103}},"8":{"start":{"line":57,"column":0},"end":{"line":59,"column":2}},"9":{"start":{"line":58,"column":4},"end":{"line":58,"column":90}},"10":{"start":{"line":71,"column":0},"end":{"line":73,"column":2}},"11":{"start":{"line":72,"column":4},"end":{"line":72,"column":88}},"12":{"start":{"line":79,"column":0},"end":{"line":79,"column":26}}},"branchMap":{},"code":["var","    error = require('./../error');","","/**","* Typical accessToken schema:","* userId:   { type: \"object\", required: true },","* clientId: { type: \"object\", required: true },","* token:    { type: \"string\", required: true, unique: true },","* scope:  { type: \"array\", required: false,","*     items: { type: \"string\", enum: [\"possible\", \"scope\", \"values\"] },","* }"," *"," * Primary key: token"," * @todo: CHECK IT, seems no need to be unique"," * Unique key: userId + clientId pair should be unique"," */","","/**"," * Gets token of the accessToken"," *"," * @param accessToken {Object} accessToken object"," */","module.exports.getToken = function(accessToken) {","    throw new error.serverError('accessToken model method \"getToken\" is not implemented');","};","","/**"," * Fetches accessToken object by token"," * Should be implemented with server logic"," *"," * Remember to check ttl if ttl is saved in object (if ttl is not valid return null)"," *"," * @param token {String} Unique identifier"," * @param cb {Function} Function callback ->(error, object)"," */","module.exports.fetchByToken = function(token, cb) {","    throw new error.serverError('accessToken model method \"fetchByToken\" is not implemented');","};","","/**"," * Fetches accessToken object by userId-clientId pair"," * Should be implemented with server logic"," *"," * @param userId {String} Unique identifier"," * @param clientId {String} Unique identifier"," * @param cb {Function} Function callback ->(error, object)"," */","module.exports.fetchByUserIdClientId = function(userId, clientId, cb) {","    throw new error.serverError('accessToken model method \"fetchByUserIdClientId\" is not implemented');","};","","/**"," * Check if accessToken is valid and not expired"," *"," * @param accessToken"," */","module.exports.checkTTL = function(accessToken) {","    throw new error.serverError('accessToken model method \"checkTTL\" is not implemented');","};","","/**"," * Create accessToken object (generate + save)"," * Should be implemented with server logic"," *"," * @param userId {String} Unique identifier"," * @param clientId {String} Unique identifier"," * @param scope {Array|null} Scope values"," * @param ttl {Number} Time to live in seconds"," * @param cb {Function} Function callback ->(error, token{String})"," */","module.exports.create = function(userId, clientId, scope, ttl, cb) {","    throw new error.serverError('accessToken model method \"create\" is not implemented');","};","","/**"," * Access token time to live"," * @type {Number} Seconds"," */","module.exports.ttl = 3600;"],"l":{"1":1,"23":1,"24":0,"36":1,"37":0,"48":1,"49":0,"57":1,"58":0,"71":1,"72":0,"79":1}},"/home/travis/build/npmtest/node-npmtest-oauth20-provider/node_modules/oauth20-provider/lib/error/index.js":{"path":"/home/travis/build/npmtest/node-npmtest-oauth20-provider/node_modules/oauth20-provider/lib/error/index.js","s":{"1":1},"b":{},"f":{},"fnMap":{},"statementMap":{"1":{"start":{"line":1,"column":0},"end":{"line":13,"column":2}}},"branchMap":{},"code":["module.exports = {","    accessDenied:               require('./accessDenied.js'),","    forbidden:                  require('./forbidden.js'),","    invalidClient:              require('./invalidClient.js'),","    invalidGrant:               require('./invalidGrant.js'),","    invalidRequest:             require('./invalidRequest.js'),","    invalidScope:               require('./invalidScope.js'),","    oauth2:                     require('./oauth2.js'),","    serverError:                require('./serverError.js'),","    unauthorizedClient:         require('./unauthorizedClient.js'),","    unsupportedGrantType:       require('./unsupportedGrantType.js'),","    unsupportedResponseType:    require('./unsupportedResponseType.js')","};"],"l":{"1":1}},"/home/travis/build/npmtest/node-npmtest-oauth20-provider/node_modules/oauth20-provider/lib/error/accessDenied.js":{"path":"/home/travis/build/npmtest/node-npmtest-oauth20-provider/node_modules/oauth20-provider/lib/error/accessDenied.js","s":{"1":1,"2":1,"3":0,"4":1,"5":1,"6":1,"7":1},"b":{},"f":{"1":0},"fnMap":{"1":{"name":"(anonymous_1)","line":5,"loc":{"start":{"line":5,"column":19},"end":{"line":5,"column":34}}}},"statementMap":{"1":{"start":{"line":1,"column":0},"end":{"line":3,"column":36}},"2":{"start":{"line":5,"column":0},"end":{"line":7,"column":2}},"3":{"start":{"line":6,"column":4},"end":{"line":6,"column":80}},"4":{"start":{"line":8,"column":0},"end":{"line":8,"column":36}},"5":{"start":{"line":9,"column":0},"end":{"line":9,"column":51}},"6":{"start":{"line":10,"column":0},"end":{"line":10,"column":41}},"7":{"start":{"line":12,"column":0},"end":{"line":12,"column":30}}},"branchMap":{},"code":["var","    util = require('util'),","    oauth2 = require('./oauth2.js');","","var accessDenied = function (msg) {","    accessDenied.super_.call(this, 'access_denied', msg, 403, this.constructor);","};","util.inherits(accessDenied, oauth2);","accessDenied.prototype.name = 'OAuth2AccessDenied';","accessDenied.prototype.logLevel = 'info';","","module.exports = accessDenied;"],"l":{"1":1,"5":1,"6":0,"8":1,"9":1,"10":1,"12":1}},"/home/travis/build/npmtest/node-npmtest-oauth20-provider/node_modules/oauth20-provider/lib/error/oauth2.js":{"path":"/home/travis/build/npmtest/node-npmtest-oauth20-provider/node_modules/oauth20-provider/lib/error/oauth2.js","s":{"1":1,"2":1,"3":0,"4":0,"5":0,"6":0,"7":0,"8":1,"9":1,"10":1,"11":1},"b":{"1":[0,0]},"f":{"1":0},"fnMap":{"1":{"name":"(anonymous_1)","line":4,"loc":{"start":{"line":4,"column":13},"end":{"line":4,"column":55}}}},"statementMap":{"1":{"start":{"line":1,"column":0},"end":{"line":2,"column":27}},"2":{"start":{"line":4,"column":0},"end":{"line":11,"column":2}},"3":{"start":{"line":5,"column":4},"end":{"line":5,"column":21}},"4":{"start":{"line":6,"column":4},"end":{"line":6,"column":67}},"5":{"start":{"line":8,"column":4},"end":{"line":8,"column":21}},"6":{"start":{"line":9,"column":4},"end":{"line":9,"column":23}},"7":{"start":{"line":10,"column":4},"end":{"line":10,"column":25}},"8":{"start":{"line":12,"column":0},"end":{"line":12,"column":29}},"9":{"start":{"line":13,"column":0},"end":{"line":13,"column":46}},"10":{"start":{"line":14,"column":0},"end":{"line":14,"column":36}},"11":{"start":{"line":16,"column":0},"end":{"line":16,"column":24}}},"branchMap":{"1":{"line":6,"type":"binary-expr","locations":[{"start":{"line":6,"column":34},"end":{"line":6,"column":45}},{"start":{"line":6,"column":49},"end":{"line":6,"column":65}}]}},"code":["var","    util = require('util');","","var oauth2 = function (code, msg, status, constructor) {","    Error.call(this);","    Error.captureStackTrace(this, constructor || this.constructor);","","    this.code = code;","    this.message = msg;","    this.status = status;","};","util.inherits(oauth2, Error);","oauth2.prototype.name = 'OAuth2AbstractError';","oauth2.prototype.logLevel = 'error';","","module.exports = oauth2;"],"l":{"1":1,"4":1,"5":0,"6":0,"8":0,"9":0,"10":0,"12":1,"13":1,"14":1,"16":1}},"/home/travis/build/npmtest/node-npmtest-oauth20-provider/node_modules/oauth20-provider/lib/error/forbidden.js":{"path":"/home/travis/build/npmtest/node-npmtest-oauth20-provider/node_modules/oauth20-provider/lib/error/forbidden.js","s":{"1":1,"2":1,"3":0,"4":1,"5":1,"6":1,"7":1},"b":{},"f":{"1":0},"fnMap":{"1":{"name":"(anonymous_1)","line":6,"loc":{"start":{"line":6,"column":16},"end":{"line":6,"column":31}}}},"statementMap":{"1":{"start":{"line":1,"column":0},"end":{"line":3,"column":36}},"2":{"start":{"line":6,"column":0},"end":{"line":8,"column":2}},"3":{"start":{"line":7,"column":4},"end":{"line":7,"column":73}},"4":{"start":{"line":9,"column":0},"end":{"line":9,"column":33}},"5":{"start":{"line":10,"column":0},"end":{"line":10,"column":45}},"6":{"start":{"line":11,"column":0},"end":{"line":11,"column":38}},"7":{"start":{"line":13,"column":0},"end":{"line":13,"column":27}}},"branchMap":{},"code":["var","    util = require('util'),","    oauth2 = require('./oauth2.js');","","// @todo: check standards (and other libraries) for error in case of wrong access_token","var forbidden = function (msg) {","    forbidden.super_.call(this, 'forbidden', msg, 403, this.constructor);","};","util.inherits(forbidden, oauth2);","forbidden.prototype.name = 'OAuth2Forbidden';","forbidden.prototype.logLevel = 'warn';","","module.exports = forbidden;"],"l":{"1":1,"6":1,"7":0,"9":1,"10":1,"11":1,"13":1}},"/home/travis/build/npmtest/node-npmtest-oauth20-provider/node_modules/oauth20-provider/lib/error/invalidClient.js":{"path":"/home/travis/build/npmtest/node-npmtest-oauth20-provider/node_modules/oauth20-provider/lib/error/invalidClient.js","s":{"1":1,"2":1,"3":0,"4":1,"5":1,"6":1,"7":1},"b":{},"f":{"1":0},"fnMap":{"1":{"name":"(anonymous_1)","line":5,"loc":{"start":{"line":5,"column":20},"end":{"line":5,"column":35}}}},"statementMap":{"1":{"start":{"line":1,"column":0},"end":{"line":3,"column":36}},"2":{"start":{"line":5,"column":0},"end":{"line":7,"column":2}},"3":{"start":{"line":6,"column":4},"end":{"line":6,"column":82}},"4":{"start":{"line":8,"column":0},"end":{"line":8,"column":37}},"5":{"start":{"line":9,"column":0},"end":{"line":9,"column":53}},"6":{"start":{"line":10,"column":0},"end":{"line":10,"column":42}},"7":{"start":{"line":12,"column":0},"end":{"line":12,"column":31}}},"branchMap":{},"code":["var","    util = require('util'),","    oauth2 = require('./oauth2.js');","","var invalidClient = function (msg) {","    invalidClient.super_.call(this, 'invalid_client', msg, 401, this.constructor);","};","util.inherits(invalidClient, oauth2);","invalidClient.prototype.name = 'OAuth2InvalidClient';","invalidClient.prototype.logLevel = 'info';","","module.exports = invalidClient;"],"l":{"1":1,"5":1,"6":0,"8":1,"9":1,"10":1,"12":1}},"/home/travis/build/npmtest/node-npmtest-oauth20-provider/node_modules/oauth20-provider/lib/error/invalidGrant.js":{"path":"/home/travis/build/npmtest/node-npmtest-oauth20-provider/node_modules/oauth20-provider/lib/error/invalidGrant.js","s":{"1":1,"2":1,"3":0,"4":1,"5":1,"6":1,"7":1},"b":{},"f":{"1":0},"fnMap":{"1":{"name":"(anonymous_1)","line":5,"loc":{"start":{"line":5,"column":19},"end":{"line":5,"column":34}}}},"statementMap":{"1":{"start":{"line":1,"column":0},"end":{"line":3,"column":36}},"2":{"start":{"line":5,"column":0},"end":{"line":7,"column":2}},"3":{"start":{"line":6,"column":4},"end":{"line":6,"column":80}},"4":{"start":{"line":8,"column":0},"end":{"line":8,"column":36}},"5":{"start":{"line":9,"column":0},"end":{"line":9,"column":51}},"6":{"start":{"line":10,"column":0},"end":{"line":10,"column":41}},"7":{"start":{"line":12,"column":0},"end":{"line":12,"column":30}}},"branchMap":{},"code":["var","    util = require('util'),","    oauth2 = require('./oauth2.js');","","var invalidGrant = function (msg) {","    invalidGrant.super_.call(this, 'invalid_grant', msg, 400, this.constructor);","};","util.inherits(invalidGrant, oauth2);","invalidGrant.prototype.name = 'OAuth2InvalidGrant';","invalidGrant.prototype.logLevel = 'info';","","module.exports = invalidGrant;"],"l":{"1":1,"5":1,"6":0,"8":1,"9":1,"10":1,"12":1}},"/home/travis/build/npmtest/node-npmtest-oauth20-provider/node_modules/oauth20-provider/lib/error/invalidRequest.js":{"path":"/home/travis/build/npmtest/node-npmtest-oauth20-provider/node_modules/oauth20-provider/lib/error/invalidRequest.js","s":{"1":1,"2":1,"3":0,"4":1,"5":1,"6":1,"7":1},"b":{},"f":{"1":0},"fnMap":{"1":{"name":"(anonymous_1)","line":5,"loc":{"start":{"line":5,"column":21},"end":{"line":5,"column":36}}}},"statementMap":{"1":{"start":{"line":1,"column":0},"end":{"line":3,"column":36}},"2":{"start":{"line":5,"column":0},"end":{"line":7,"column":2}},"3":{"start":{"line":6,"column":4},"end":{"line":6,"column":84}},"4":{"start":{"line":8,"column":0},"end":{"line":8,"column":38}},"5":{"start":{"line":9,"column":0},"end":{"line":9,"column":55}},"6":{"start":{"line":10,"column":0},"end":{"line":10,"column":43}},"7":{"start":{"line":12,"column":0},"end":{"line":12,"column":32}}},"branchMap":{},"code":["var","    util = require('util'),","    oauth2 = require('./oauth2.js');","","var invalidRequest = function (msg) {","    invalidRequest.super_.call(this, 'invalid_request', msg, 400, this.constructor);","};","util.inherits(invalidRequest, oauth2);","invalidRequest.prototype.name = 'OAuth2InvalidRequest';","invalidRequest.prototype.logLevel = 'info';","","module.exports = invalidRequest;"],"l":{"1":1,"5":1,"6":0,"8":1,"9":1,"10":1,"12":1}},"/home/travis/build/npmtest/node-npmtest-oauth20-provider/node_modules/oauth20-provider/lib/error/invalidScope.js":{"path":"/home/travis/build/npmtest/node-npmtest-oauth20-provider/node_modules/oauth20-provider/lib/error/invalidScope.js","s":{"1":1,"2":1,"3":0,"4":1,"5":1,"6":1,"7":1},"b":{},"f":{"1":0},"fnMap":{"1":{"name":"(anonymous_1)","line":5,"loc":{"start":{"line":5,"column":19},"end":{"line":5,"column":34}}}},"statementMap":{"1":{"start":{"line":1,"column":0},"end":{"line":3,"column":36}},"2":{"start":{"line":5,"column":0},"end":{"line":7,"column":2}},"3":{"start":{"line":6,"column":4},"end":{"line":6,"column":80}},"4":{"start":{"line":8,"column":0},"end":{"line":8,"column":36}},"5":{"start":{"line":9,"column":0},"end":{"line":9,"column":51}},"6":{"start":{"line":10,"column":0},"end":{"line":10,"column":41}},"7":{"start":{"line":12,"column":0},"end":{"line":12,"column":30}}},"branchMap":{},"code":["var","    util = require('util'),","    oauth2 = require('./oauth2.js');","","var invalidScope = function (msg) {","    invalidScope.super_.call(this, 'invalid_scope', msg, 400, this.constructor);","};","util.inherits(invalidScope, oauth2);","invalidScope.prototype.name = 'OAuth2InvalidScope';","invalidScope.prototype.logLevel = 'info';","","module.exports = invalidScope;"],"l":{"1":1,"5":1,"6":0,"8":1,"9":1,"10":1,"12":1}},"/home/travis/build/npmtest/node-npmtest-oauth20-provider/node_modules/oauth20-provider/lib/error/serverError.js":{"path":"/home/travis/build/npmtest/node-npmtest-oauth20-provider/node_modules/oauth20-provider/lib/error/serverError.js","s":{"1":1,"2":1,"3":0,"4":1,"5":1,"6":1,"7":1},"b":{},"f":{"1":0},"fnMap":{"1":{"name":"(anonymous_1)","line":5,"loc":{"start":{"line":5,"column":18},"end":{"line":5,"column":33}}}},"statementMap":{"1":{"start":{"line":1,"column":0},"end":{"line":3,"column":36}},"2":{"start":{"line":5,"column":0},"end":{"line":7,"column":2}},"3":{"start":{"line":6,"column":4},"end":{"line":6,"column":78}},"4":{"start":{"line":8,"column":0},"end":{"line":8,"column":35}},"5":{"start":{"line":9,"column":0},"end":{"line":9,"column":49}},"6":{"start":{"line":10,"column":0},"end":{"line":10,"column":41}},"7":{"start":{"line":12,"column":0},"end":{"line":12,"column":29}}},"branchMap":{},"code":["var","    util = require('util'),","    oauth2 = require('./oauth2.js');","","var serverError = function (msg) {","    serverError.super_.call(this, 'server_error', msg, 500, this.constructor);","};","util.inherits(serverError, oauth2);","serverError.prototype.name = 'OAuth2ServerError';","serverError.prototype.logLevel = 'error';","","module.exports = serverError;"],"l":{"1":1,"5":1,"6":0,"8":1,"9":1,"10":1,"12":1}},"/home/travis/build/npmtest/node-npmtest-oauth20-provider/node_modules/oauth20-provider/lib/error/unauthorizedClient.js":{"path":"/home/travis/build/npmtest/node-npmtest-oauth20-provider/node_modules/oauth20-provider/lib/error/unauthorizedClient.js","s":{"1":1,"2":1,"3":0,"4":1,"5":1,"6":1,"7":1},"b":{},"f":{"1":0},"fnMap":{"1":{"name":"(anonymous_1)","line":5,"loc":{"start":{"line":5,"column":25},"end":{"line":5,"column":40}}}},"statementMap":{"1":{"start":{"line":1,"column":0},"end":{"line":3,"column":36}},"2":{"start":{"line":5,"column":0},"end":{"line":7,"column":2}},"3":{"start":{"line":6,"column":4},"end":{"line":6,"column":92}},"4":{"start":{"line":8,"column":0},"end":{"line":8,"column":42}},"5":{"start":{"line":9,"column":0},"end":{"line":9,"column":63}},"6":{"start":{"line":10,"column":0},"end":{"line":10,"column":47}},"7":{"start":{"line":12,"column":0},"end":{"line":12,"column":36}}},"branchMap":{},"code":["var","    util = require('util'),","    oauth2 = require('./oauth2.js');","","var unauthorizedClient = function (msg) {","    unauthorizedClient.super_.call(this, 'unauthorized_client', msg, 400, this.constructor);","};","util.inherits(unauthorizedClient, oauth2);","unauthorizedClient.prototype.name = 'OAuth2UnauthorizedClient';","unauthorizedClient.prototype.logLevel = 'info';","","module.exports = unauthorizedClient;"],"l":{"1":1,"5":1,"6":0,"8":1,"9":1,"10":1,"12":1}},"/home/travis/build/npmtest/node-npmtest-oauth20-provider/node_modules/oauth20-provider/lib/error/unsupportedGrantType.js":{"path":"/home/travis/build/npmtest/node-npmtest-oauth20-provider/node_modules/oauth20-provider/lib/error/unsupportedGrantType.js","s":{"1":1,"2":1,"3":0,"4":1,"5":1,"6":1,"7":1},"b":{},"f":{"1":0},"fnMap":{"1":{"name":"(anonymous_1)","line":5,"loc":{"start":{"line":5,"column":27},"end":{"line":5,"column":42}}}},"statementMap":{"1":{"start":{"line":1,"column":0},"end":{"line":3,"column":36}},"2":{"start":{"line":5,"column":0},"end":{"line":7,"column":2}},"3":{"start":{"line":6,"column":4},"end":{"line":6,"column":97}},"4":{"start":{"line":8,"column":0},"end":{"line":8,"column":44}},"5":{"start":{"line":9,"column":0},"end":{"line":9,"column":67}},"6":{"start":{"line":10,"column":0},"end":{"line":10,"column":49}},"7":{"start":{"line":12,"column":0},"end":{"line":12,"column":38}}},"branchMap":{},"code":["var","    util = require('util'),","    oauth2 = require('./oauth2.js');","","var unsupportedGrantType = function (msg) {","    unsupportedGrantType.super_.call(this, 'unsupported_grant_type', msg, 400, this.constructor);","};","util.inherits(unsupportedGrantType, oauth2);","unsupportedGrantType.prototype.name = 'OAuth2UnsupportedGrantType';","unsupportedGrantType.prototype.logLevel = 'info';","","module.exports = unsupportedGrantType;"],"l":{"1":1,"5":1,"6":0,"8":1,"9":1,"10":1,"12":1}},"/home/travis/build/npmtest/node-npmtest-oauth20-provider/node_modules/oauth20-provider/lib/error/unsupportedResponseType.js":{"path":"/home/travis/build/npmtest/node-npmtest-oauth20-provider/node_modules/oauth20-provider/lib/error/unsupportedResponseType.js","s":{"1":1,"2":1,"3":0,"4":1,"5":1,"6":1,"7":1},"b":{},"f":{"1":0},"fnMap":{"1":{"name":"(anonymous_1)","line":5,"loc":{"start":{"line":5,"column":30},"end":{"line":5,"column":45}}}},"statementMap":{"1":{"start":{"line":1,"column":0},"end":{"line":3,"column":36}},"2":{"start":{"line":5,"column":0},"end":{"line":7,"column":2}},"3":{"start":{"line":6,"column":4},"end":{"line":6,"column":103}},"4":{"start":{"line":8,"column":0},"end":{"line":8,"column":47}},"5":{"start":{"line":9,"column":0},"end":{"line":9,"column":73}},"6":{"start":{"line":10,"column":0},"end":{"line":10,"column":52}},"7":{"start":{"line":12,"column":0},"end":{"line":12,"column":41}}},"branchMap":{},"code":["var","    util = require('util'),","    oauth2 = require('./oauth2.js');","","var unsupportedResponseType = function (msg) {","    unsupportedResponseType.super_.call(this, 'unsupported_response_type', msg, 400, this.constructor);","};","util.inherits(unsupportedResponseType, oauth2);","unsupportedResponseType.prototype.name = 'OAuth2UnsupportedResponseType';","unsupportedResponseType.prototype.logLevel = 'info';","","module.exports = unsupportedResponseType;"],"l":{"1":1,"5":1,"6":0,"8":1,"9":1,"10":1,"12":1}},"/home/travis/build/npmtest/node-npmtest-oauth20-provider/node_modules/oauth20-provider/lib/model/client.js":{"path":"/home/travis/build/npmtest/node-npmtest-oauth20-provider/node_modules/oauth20-provider/lib/model/client.js","s":{"1":1,"2":1,"3":0,"4":1,"5":0,"6":1,"7":0,"8":1,"9":0,"10":1,"11":0,"12":1,"13":0,"14":1,"15":0,"16":1,"17":0,"18":0,"19":0},"b":{"1":[0,0]},"f":{"1":0,"2":0,"3":0,"4":0,"5":0,"6":0,"7":0,"8":0},"fnMap":{"1":{"name":"(anonymous_1)","line":23,"loc":{"start":{"line":23,"column":23},"end":{"line":23,"column":40}}},"2":{"name":"(anonymous_2)","line":32,"loc":{"start":{"line":32,"column":27},"end":{"line":32,"column":44}}},"3":{"name":"(anonymous_3)","line":41,"loc":{"start":{"line":41,"column":32},"end":{"line":41,"column":49}}},"4":{"name":"(anonymous_4)","line":52,"loc":{"start":{"line":52,"column":27},"end":{"line":52,"column":50}}},"5":{"name":"(anonymous_5)","line":67,"loc":{"start":{"line":67,"column":29},"end":{"line":67,"column":58}}},"6":{"name":"(anonymous_6)","line":94,"loc":{"start":{"line":94,"column":32},"end":{"line":94,"column":56}}},"7":{"name":"(anonymous_7)","line":112,"loc":{"start":{"line":112,"column":28},"end":{"line":112,"column":52}}},"8":{"name":"(anonymous_8)","line":128,"loc":{"start":{"line":128,"column":32},"end":{"line":128,"column":48}}}},"statementMap":{"1":{"start":{"line":1,"column":0},"end":{"line":2,"column":34}},"2":{"start":{"line":23,"column":0},"end":{"line":25,"column":2}},"3":{"start":{"line":24,"column":4},"end":{"line":24,"column":82}},"4":{"start":{"line":32,"column":0},"end":{"line":34,"column":2}},"5":{"start":{"line":33,"column":4},"end":{"line":33,"column":86}},"6":{"start":{"line":41,"column":0},"end":{"line":43,"column":2}},"7":{"start":{"line":42,"column":4},"end":{"line":42,"column":91}},"8":{"start":{"line":52,"column":0},"end":{"line":58,"column":2}},"9":{"start":{"line":57,"column":4},"end":{"line":57,"column":86}},"10":{"start":{"line":67,"column":0},"end":{"line":84,"column":2}},"11":{"start":{"line":83,"column":4},"end":{"line":83,"column":88}},"12":{"start":{"line":94,"column":0},"end":{"line":101,"column":2}},"13":{"start":{"line":100,"column":4},"end":{"line":100,"column":16}},"14":{"start":{"line":112,"column":0},"end":{"line":121,"column":2}},"15":{"start":{"line":120,"column":4},"end":{"line":120,"column":14}},"16":{"start":{"line":128,"column":0},"end":{"line":131,"column":2}},"17":{"start":{"line":129,"column":4},"end":{"line":129,"column":26}},"18":{"start":{"line":129,"column":16},"end":{"line":129,"column":26}},"19":{"start":{"line":130,"column":4},"end":{"line":130,"column":28}}},"branchMap":{"1":{"line":129,"type":"if","locations":[{"start":{"line":129,"column":4},"end":{"line":129,"column":4}},{"start":{"line":129,"column":4},"end":{"line":129,"column":4}}]}},"code":["var","    error = require('./../error');","","/**"," * Typical client schema:"," * _id:    { type: \"object\", required: true, unique: true },"," * name:   { type: \"string\", required: true },"," * secret: { type: \"string\", required: true },"," * uri:    { type: \"string\", required: false },"," * scope:  { type: \"array\", required: false,"," *     items: { type: \"string\", enum: [\"possible\", \"scope\", \"values\"] },","  * },"," * grants: { type: \"array\", required: false,"," *     items: { type: \"string\", enum: [\"authorization_code\", \"implicit\", \"password\", \"client_credentials\"] }"," * }"," */","","/**"," * Gets clients primary key"," *"," * @param client {Object} Client object"," */","module.exports.getId = function(client) {","    throw new error.serverError('Client model method \"getId\" is not implemented');","};","","/**"," * Gets clients secret"," *"," * @param client {Object} Client object"," */","module.exports.getSecret = function(client) {","    throw new error.serverError('Client model method \"getSecret\" is not implemented');","};","","/**"," * Gets clients redirect uri"," *"," * @param client {Object} Client object"," */","module.exports.getRedirectUri = function(client) {","    throw new error.serverError('Client model method \"getRedirectUri\" is not implemente
[...]
[{"start":{"line":26,"column":16},"end":{"line":26,"column":16}},{"start":{"line":26,"column":16},"end":{"line":26,"column":16}}]},"3":{"line":28,"type":"if","locations":[{"start":{"line":28,"column":21},"end":{"line":28,"column":21}},{"start":{"line":28,"column":21},"end":{"line":28,"column":21}}]},"4":{"line":30,"type":"if","locations":[{"start":{"line":30,"column":21},"end":{"line":30,"column":21}},{"start":{"line":30,"column":21},"end":{"line":30,"column":21}}]},"5":{"line":44,"type":"if","locations":[{"start":{"line":44,"column":16},"end":{"line":44,"column":16}},{"start":{"line":44,"column":16},"end":{"line":44,"column":16}}]},"6":{"line":46,"type":"if","locations":[{"start":{"line":46,"column":21},"end":{"line":46,"column":21}},{"start":{"line":46,"column":21},"end":{"line":46,"column":21}}]},"7":{"line":58,"type":"if","locations":[{"start":{"line":58,"column":16},"end":{"line":58,"column":16}},{"start":{"line":58,"column":16},"end":{"line":58,"column":16}}]},"8":{"line":60,"type":"if","locations":[{"start":{"line":60,"column":21},"end":{"line":60,"column":21}},{"start":{"line":60,"column":21},"end":{"line":60,"column":21}}]},"9":{"line":71,"type":"if","locations":[{"start":{"line":71,"column":12},"end":{"line":71,"column":12}},{"start":{"line":71,"column":12},"end":{"line":71,"column":12}}]},"10":{"line":77,"type":"if","locations":[{"start":{"line":77,"column":20},"end":{"line":77,"column":20}},{"start":{"line":77,"column":20},"end":{"line":77,"column":20}}]},"11":{"line":89,"type":"if","locations":[{"start":{"line":89,"column":8},"end":{"line":89,"column":8}},{"start":{"line":89,"column":8},"end":{"line":89,"column":8}}]}},"code":["var","    async = require('async'),","    error = require('./../../error');","","module.exports = function(oauth2, client, refresh_token, scope, pCb) {","    // Define variables","    var user,","        refreshToken,","        accessToken,","        accessTokenValue;","","    async.waterfall([","        // Check refresh_token parameter","        function(cb) {","            if (!refresh_token)","                return cb(new error.invalidRequest('RefreshToken is mandatory for refresh_token grant type'));","            oauth2.logger.debug('RefreshToken parameter check passed: ', refresh_token);","","            cb();","        },","        // Standard is really weird here, do not check scope, just fill it from refreshToken","        // function(cb) {CHECK SCOPE PARAMETER FUNCTION OMITTED},","        // Fetch refreshToken","        function(cb) {","            oauth2.model.refreshToken.fetchByToken(refresh_token, function(err, obj) {","                if (err)","                    cb(new error.serverError('Failed to call refreshToken::fetchByToken method'));","                else if (!obj)","                    cb(new error.invalidGrant('Refresh token not found'));","                else if (oauth2.model.refreshToken.getClientId(obj) != oauth2.model.client.getId(client)) {","                    oauth2.logger.warn('Client id \"' + oauth2.model.client.getId(client) + '\" tried to fetch client id \"' + obj.clientId + '\" refresh token');","                    cb(new error.invalidGrant('Refresh token not found'));","                }","                else {","                    oauth2.logger.debug('RefreshToken fetched: ', obj);","                    refreshToken = obj;","                    cb();","                }","            });","        },","        // Fetch user","        function(cb) {","            oauth2.model.user.fetchById(oauth2.model.refreshToken.getUserId(refreshToken), function(err, obj) {","                if (err)","                    cb(new error.serverError('Failed to call user::fetchById method'));","                else if (!obj)","                    cb(new error.invalidClient('User not found'));","                else {","                    oauth2.logger.debug('User fetched: ', obj);","                    user = obj;","                    cb();","                }","            });","        },","        // Fetch issued access token (if it is already created and still active)","        function(cb) {","            oauth2.model.accessToken.fetchByUserIdClientId(oauth2.model.user.getId(user), oauth2.model.client.getId(client), function(err, obj) {","                if (err)","                    cb(new error.serverError('Failed to call accessToken::fetchByUserIdClientId'));","                else if (!obj) cb();","                else {","                    accessToken = obj;","                    oauth2.logger.debug('Fetched issued accessToken: ', obj);","                    cb();","                };","            });","        },","        // Issue new one (if needed)","        function(cb) {","            // No need if it already exists and valid","            if (accessToken) {","                accessTokenValue = oauth2.model.accessToken.getToken(accessToken);","                cb();","            }","            else {","                oauth2.model.accessToken.create(oauth2.model.user.getId(user), oauth2.model.client.getId(client), oauth2.model.refreshToken.getScope(refreshToken), oauth2.model.accessToken.ttl, function(err, data) {","                    if (err)","                        cb(new error.serverError('Failed to call accessToken::save method'));","                    else {","                        accessTokenValue = data;","                        oauth2.logger.debug('Access token saved: ', accessTokenValue);","                        cb();","                    }","                });","            }","        }","    ],","    function(err) {","        if (err) pCb(err);","        else pCb(null, {","            // @todo: add renew refresh token strategy","            token_type:    \"bearer\",","            access_token:  accessTokenValue,","            expires_in:    oauth2.model.accessToken.ttl","        });","    });","};"],"l":{"1":1,"5":1,"7":0,"12":0,"15":0,"16":0,"17":0,"19":0,"25":0,"26":0,"27":0,"28":0,"29":0,"30":0,"31":0,"32":0,"35":0,"36":0,"37":0,"43":0,"44":0,"45":0,"46":0,"47":0,"49":0,"50":0,"51":0,"57":0,"58":0,"59":0,"60":0,"62":0,"63":0,"64":0,"71":0,"72":0,"73":0,"76":0,"77":0,"78":0,"80":0,"81":0,"82":0,"89":0,"90":0}},"/home/travis/build/npmtest/node-npmtest-oauth20-provider/node_modules/oauth20-provider/lib/middleware/index.js":{"path":"/home/travis/build/npmtest/node-npmtest-oauth20-provider/node_modules/oauth20-provider/lib/middleware/index.js","s":{"1":1},"b":{},"f":{},"fnMap":{},"statementMap":{"1":{"start":{"line":1,"column":0},"end":{"line":3,"column":2}}},"branchMap":{},"code":["module.exports = {","    bearer: require('./bearer.js')","};"],"l":{"1":1}},"/home/travis/build/npmtest/node-npmtest-oauth20-provider/node_modules/oauth20-provider/lib/middleware/bearer.js":{"path":"/home/travis/build/npmtest/node-npmtest-oauth20-provider/node_modules/oauth20-provider/lib/middleware/bearer.js","s":{"1":1,"2":1,"3":0,"4":0,"5":0,"6":0,"7":0,"8":0,"9":0,"10":0,"11":0,"12":0,"13":0,"14":0,"15":0,"16":0,"17":0,"18":0,"19":0,"20":0,"21":0,"22":0,"23":0,"24":0,"25":0,"26":0,"27":0,"28":0,"29":0},"b":{"1":[0,0],"2":[0,0],"3":[0,0],"4":[0,0],"5":[0,0],"6":[0,0],"7":[0,0],"8":[0,0],"9":[0,0],"10":[0,0],"11":[0,0]},"f":{"1":0,"2":0},"fnMap":{"1":{"name":"(anonymous_1)","line":6,"loc":{"start":{"line":6,"column":17},"end":{"line":6,"column":43}}},"2":{"name":"(anonymous_2)","line":38,"loc":{"start":{"line":38,"column":53},"end":{"line":38,"column":75}}}},"statementMap":{"1":{"start":{"line":1,"column":0},"end":{"line":3,"column":35}},"2":{"start":{"line":6,"column":0},"end":{"line":53,"column":2}},"3":{"start":{"line":8,"column":4},"end":{"line":8,"column":71}},"4":{"start":{"line":9,"column":4},"end":{"line":9,"column":14}},"5":{"start":{"line":12,"column":4},"end":{"line":35,"column":90}},"6":{"start":{"line":13,"column":8},"end":{"line":13,"column":61}},"7":{"start":{"line":15,"column":8},"end":{"line":16,"column":98}},"8":{"start":{"line":16,"column":12},"end":{"line":16,"column":98}},"9":{"start":{"line":18,"column":8},"end":{"line":19,"column":111}},"10":{"start":{"line":19,"column":12},"end":{"line":19,"column":111}},"11":{"start":{"line":20,"column":8},"end":{"line":20,"column":26}},"12":{"start":{"line":21,"column":8},"end":{"line":21,"column":90}},"13":{"start":{"line":24,"column":9},"end":{"line":35,"column":90}},"14":{"start":{"line":25,"column":8},"end":{"line":25,"column":42}},"15":{"start":{"line":26,"column":8},"end":{"line":26,"column":82}},"16":{"start":{"line":29,"column":9},"end":{"line":35,"column":90}},"17":{"start":{"line":30,"column":8},"end":{"line":30,"column":41}},"18":{"start":{"line":31,"column":8},"end":{"line":31,"column":81}},"19":{"start":{"line":35,"column":8},"end":{"line":35,"column":90}},"20":{"start":{"line":38,"column":4},"end":{"line":52,"column":7}},"21":{"start":{"line":39,"column":8},"end":{"line":51,"column":9}},"22":{"start":{"line":40,"column":12},"end":{"line":40,"column":42}},"23":{"start":{"line":41,"column":13},"end":{"line":51,"column":9}},"24":{"start":{"line":42,"column":12},"end":{"line":42,"column":88}},"25":{"start":{"line":44,"column":13},"end":{"line":51,"column":9}},"26":{"start":{"line":45,"column":12},"end":{"line":45,"column":82}},"27":{"start":{"line":48,"column":12},"end":{"line":48,"column":44}},"28":{"start":{"line":49,"column":12},"end":{"line":49,"column":69}},"29":{"start":{"line":50,"column":12},"end":{"line":50,"column":19}}},"branchMap":{"1":{"line":12,"type":"if","locations":[{"start":{"line":12,"column":4},"end":{"line":12,"column":4}},{"start":{"line":12,"column":4},"end":{"line":12,"column":4}}]},"2":{"line":15,"type":"if","locations":[{"start":{"line":15,"column":8},"end":{"line":15,"column":8}},{"start":{"line":15,"column":8},"end":{"line":15,"column":8}}]},"3":{"line":15,"type":"binary-expr","locations":[{"start":{"line":15,"column":12},"end":{"line":15,"column":19}},{"start":{"line":15,"column":23},"end":{"line":15,"column":42}}]},"4":{"line":18,"type":"if","locations":[{"start":{"line":18,"column":8},"end":{"line":18,"column":8}},{"start":{"line":18,"column":8},"end":{"line":18,"column":8}}]},"5":{"line":24,"type":"if","locations":[{"start":{"line":24,"column":9},"end":{"line":24,"column":9}},{"start":{"line":24,"column":9},"end":{"line":24,"column":9}}]},"6":{"line":24,"type":"binary-expr","locations":[{"start":{"line":24,"column":13},"end":{"line":24,"column":22}},{"start":{"line":24,"column":26},"end":{"line":24,"column":51}}]},"7":{"line":29,"type":"if","locations":[{"start":{"line":29,"column":9},"end":{"line":29,"column":9}},{"start":{"line":29,"column":9},"end":{"line":29,"column":9}}]},"8":{"line":29,"type":"binary-expr","locations":[{"start":{"line":29,"column":13},"end":{"line":29,"column":21}},{"start":{"line":29,"column":25},"end":{"line":29,"column":49}}]},"9":{"line":39,"type":"if","locations":[{"start":{"line":39,"column":8},"end":{"line":39,"column":8}},{"start":{"line":39,"column":8},"end":{"line":39,"column":8}}]},"10":{"line":41,"type":"if","locations":[{"start":{"line":41,"column":13},"end":{"line":41,"column":13}},{"start":{"line":41,"column":13},"end":{"line":41,"column":13}}]},"11":{"line":44,"type":"if","locations":[{"start":{"line":44,"column":13},"end":{"line":44,"column":13}},{"start":{"line":44,"column":13},"end":{"line":44,"column":13}}]}},"code":["var","    response = require('./../util/response.js'),","    error = require('./../error/');","","// @todo: add options for HMAC, force HEADER token, no errors parsing","module.exports = function (req, res, next) {","","    req.oauth2.logger.debug('Invoking bearer token parser middleware');","    var token;","","    // Look for token in header","    if (req.headers.authorization) {","        var pieces = req.headers.authorization.split(' ', 2);","        // Check auth header","        if (!pieces || pieces.length !== 2)","            return response.error(req, res, new error.accessDenied('Wrong authorization header'));","        // Only bearer auth is supported","        if (pieces[0].toLowerCase() != 'bearer')","            return response.error(req, res, new error.accessDenied('Unsupported authorization method header'));","        token = pieces[1];","        req.oauth2.logger.debug('Bearer token parsed from authorization header: ', token);","    }","    // Look for token in query string","    else if (req.query && req.query['access_token']) {","        token = req.query['access_token'];","        req.oauth2.logger.debug('Bearer token parsed from query params: ', token);","    }","    // Look for token in post body","    else if (req.body && req.body['access_token']) {","        token = req.body['access_token'];","        req.oauth2.logger.debug('Bearer token parsed from body params: ', token);","    }","    // Not found","    else","        return response.error(req, res, new error.accessDenied('Bearer token not found'));","","    // Try to fetch access token","    req.oauth2.model.accessToken.fetchByToken(token, function(err, object) {","        if (err)","            response.error(req, res, err);","        else if (!object) {","            response.error(req, res, new error.forbidden('Token not found or expired'));","        }","        else if (!req.oauth2.model.accessToken.checkTTL(object)) {","            response.error(req, res, new error.forbidden('Token already expired'))","        }","        else {","            req.oauth2.accessToken = object;","            req.oauth2.logger.debug('AccessToken fetched: ', object);","            next();","        };","    });","};",""],"l":{"1":1,"6":1,"8":0,"9":0,"12":0,"13":0,"15":0,"16":0,"18":0,"19":0,"20":0,"21":0,"24":0,"25":0,"26":0,"29":0,"30":0,"31":0,"35":0,"38":0,"39":0,"40":0,"41":0,"42":0,"44":0,"45":0,"48":0,"49":0,"50":0}},"/home/travis/build/npmtest/node-npmtest-oauth20-provider/node_modules/oauth20-provider/lib/controller/authorization/decision.js":{"path":"/home/travis/build/npmtest/node-npmtest-oauth20-provider/node_modules/oauth20-provider/lib/controller/authorization/decision.js","s":{"1":1,"2":1,"3":0},"b":{},"f":{"1":0},"fnMap":{"1":{"name":"(anonymous_1)","line":18,"loc":{"start":{"line":18,"column":17},"end":{"line":18,"column":57}}}},"statementMap":{"1":{"start":{"line":1,"column":0},"end":{"line":1,"column":37}},"2":{"start":{"line":18,"column":0},"end":{"line":20,"column":2}},"3":{"start":{"line":19,"column":4},"end":{"line":19,"column":68}}},"branchMap":{},"code":["var error = require('./../../error');","","/**"," * Decision controller"," * Used for: \"authorization_code\""," * Page is used to ask user whether user agree or not to allow client to access his information with current scope"," * It should return a POST form with \"decision\" parameter:"," * 0 - if user does not allow client to obtain access"," * 1 - if user allows"," * For basic example look into ./test/server/oauth20.js"," *"," * @param req Request object"," * @param res Response object"," * @param client Client object"," * @param scope Scope asked"," * @param user User object"," */","module.exports = function(req, res, client, scope, user) {","    throw new error.serverError('Decision page is not implemented');","};"],"l":{"1":1,"18":1,"19":0}},"/home/travis/build/npmtest/node-npmtest-oauth20-provider/node_modules/oauth20-provider/lib/util/logger.js":{"path":"/home/travis/build/npmtest/node-npmtest-oauth20-provider/node_modules/oauth20-provider/lib/util/logger.js","s":{"1":1,"2":1,"3":1,"4":0,"5":0,"6":0,"7":0,"8":0,"9":0,"10":1,"11":0,"12":0,"13":1,"14":0,"15":0,"16":0,"17":0,"18":1,"19":4,"20":0,"21":1},"b":{"1":[0,0],"2":[0,0],"3":[0,0],"4":[0,0]},"f":{"1":0,"2":0,"3":0,"4":4,"5":0},"fnMap":{"1":{"name":"pad","line":24,"loc":{"start":{"line":24,"column":0},"end":{"line":24,"column":19}}},"2":{"name":"(anonymous_2)","line":42,"loc":{"start":{"line":42,"column":13},"end":{"line":42,"column":31}}},"3":{"name":"(anonymous_3)","line":53,"loc":{"start":{"line":53,"column":23},"end":{"line":53,"column":39}}},"4":{"name":"(anonymous_4)","line":68,"loc":{"start":{"line":68,"column":15},"end":{"line":68,"column":31}}},"5":{"name":"(anonymous_5)","line":69,"loc":{"start":{"line":69,"column":29},"end":{"line":69,"column":41}}}},"statementMap":{"1":{"start":{"line":4,"column":0},"end":{"line":9,"column":2}},"2":{"start":{"line":14,"column":0},"end":{"line":19,"column":2}},"3":{"start":{"line":24,"column":0},"end":{"line":34,"column":1}},"4":{"start":{"line":25,"column":4},"end":{"line":25,"column":16}},"5":{"start":{"line":27,"column":4},"end":{"line":28,"column":46}},"6":{"start":{"line":28,"column":8},"end":{"line":28,"column":46}},"7":{"start":{"line":30,"column":4},"end":{"line":31,"column":63}},"8":{"start":{"line":31,"column":8},"end":{"line":31,"column":63}},"9":{"start":{"line":33,"column":4},"end":{"line":33,"column":15}},"10":{"start":{"line":42,"column":0},"end":{"line":46,"column":2}},"11":{"start":{"line":44,"column":4},"end":{"line":44,"column":43}},"12":{"start":{"line":45,"column":4},"end":{"line":45,"column":36}},"13":{"start":{"line":53,"column":0},"end":{"line":63,"column":2}},"14":{"start":{"line":54,"column":4},"end":{"line":54,"column":41}},"15":{"start":{"line":56,"column":4},"end":{"line":56,"column":39}},"16":{"start":{"line":56,"column":32},"end":{"line":56,"column":39}},"17":{"start":{"line":58,"column":4},"end":{"line":62,"column":6}},"18":{"start":{"line":68,"column":0},"end":{"line":72,"column":3}},"19":{"start":{"line":69,"column":4},"end":{"line":71,"column":6}},"20":{"start":{"line":70,"column":8},"end":{"line":70,"column":83}},"21":{"start":{"line":75,"column":0},"end":{"line":75,"column":24}}},"branchMap":{"1":{"line":30,"type":"if","locations":[{"start":{"line":30,"column":4},"end":{"line":30,"column":4}},{"start":{"line":30,"column":4},"end":{"line":30,"column":4}}]},"2":{"line":45,"type":"binary-expr","locations":[{"start":{"line":45,"column":17},"end":{"line":45,"column":30}},{"start":{"line":45,"column":34},"end":{"line":45,"column":35}}]},"3":{"line":56,"type":"if","locations":[{"start":{"line":56,"column":4},"end":{"line":56,"column":4}},{"start":{"line":56,"column":4},"end":{"line":56,"column":4}}]},"4":{"line":60,"type":"cond-expr","locations":[{"start":{"line":60,"column":23},"end":{"line":60,"column":82}},{"start":{"line":60,"column":85},"end":{"line":60,"column":95}}]}},"code":["/**"," * Used log levels, from low priority to high"," */","var levels = [","    'debug',","    'info',","    'warn',","    'error'","];","","/**"," * Colors for log levels."," */","var colors = [","    90,","    36,","    33,","    31","];","","/**"," * Pads the nice output to the longest log level."," */","function pad (str) {","    var max = 0;","","    for (var i = 0, l = levels.length; i < l; i++)","        max = Math.max(max, levels[i].length);","","    if (str.length < max)","        return str + new Array(max - str.length + 1).join(' ');","","    return str;","};","","/**"," * Console logging class"," *"," * @param options"," * @constructor"," */","var Logger = function(options) {","    // Force options or die","    this.colors = false !== options.colors;","    this.level = options.level || 0;","};","","/**"," * Log method"," *"," * @api public"," */","Logger.prototype.log = function (type) {","    var typeLevel = levels.indexOf(type);","","    if (typeLevel < this.level) return;","","    console.log.apply(","        console,","        [this.colors ? '\\033[' + colors[typeLevel] + 'm' + pad(type) + ':\\033[39m' : type + ':']","            .concat(Array.prototype.slice.call(arguments, 1))","    );","};","","/**"," * Generate methods for each level"," */","levels.forEach(function (name) {","    Logger.prototype[name] = function () {","        this.log.apply(this, [name].concat(Array.prototype.slice.call(arguments)));","    };","});","","","module.exports = Logger;"],"l":{"4":1,"14":1,"24":1,"25":0,"27":0,"28":0,"30":0,"31":0,"33":0,"42":1,"44":0,"45":0,"53":1,"54":0,"56":0,"58":0,"68":1,"69":4,"70":0,"75":1}}}